<?xml version="1.0" encoding="UTF-8"?>
<testsuite name="com.avalanche.tmcs.utils.SmokeTest" tests="1" skipped="0" failures="1" errors="0" timestamp="2017-07-27T20:51:37" hostname="shodan-linux" time="0.002">
  <properties/>
  <testcase name="contexLoads" classname="com.avalanche.tmcs.utils.SmokeTest" time="0.002">
    <failure message="java.lang.IllegalStateException: Failed to load ApplicationContext" type="java.lang.IllegalStateException">java.lang.IllegalStateException: Failed to load ApplicationContext
	at org.springframework.test.context.cache.DefaultCacheAwareContextLoaderDelegate.loadContext(DefaultCacheAwareContextLoaderDelegate.java:124)
	at org.springframework.test.context.support.DefaultTestContext.getApplicationContext(DefaultTestContext.java:83)
	at org.springframework.test.context.web.ServletTestExecutionListener.setUpRequestContextIfNecessary(ServletTestExecutionListener.java:189)
	at org.springframework.test.context.web.ServletTestExecutionListener.prepareTestInstance(ServletTestExecutionListener.java:131)
	at org.springframework.test.context.TestContextManager.prepareTestInstance(TestContextManager.java:230)
	at org.springframework.test.context.junit4.SpringJUnit4ClassRunner.createTest(SpringJUnit4ClassRunner.java:228)
	at org.springframework.test.context.junit4.SpringJUnit4ClassRunner$1.runReflectiveCall(SpringJUnit4ClassRunner.java:287)
	at org.junit.internal.runners.model.ReflectiveCallable.run(ReflectiveCallable.java:12)
	at org.springframework.test.context.junit4.SpringJUnit4ClassRunner.methodBlock(SpringJUnit4ClassRunner.java:289)
	at org.springframework.test.context.junit4.SpringJUnit4ClassRunner.runChild(SpringJUnit4ClassRunner.java:247)
	at org.springframework.test.context.junit4.SpringJUnit4ClassRunner.runChild(SpringJUnit4ClassRunner.java:94)
	at org.junit.runners.ParentRunner$3.run(ParentRunner.java:290)
	at org.junit.runners.ParentRunner$1.schedule(ParentRunner.java:71)
	at org.junit.runners.ParentRunner.runChildren(ParentRunner.java:288)
	at org.junit.runners.ParentRunner.access$000(ParentRunner.java:58)
	at org.junit.runners.ParentRunner$2.evaluate(ParentRunner.java:268)
	at org.springframework.test.context.junit4.statements.RunBeforeTestClassCallbacks.evaluate(RunBeforeTestClassCallbacks.java:61)
	at org.springframework.test.context.junit4.statements.RunAfterTestClassCallbacks.evaluate(RunAfterTestClassCallbacks.java:70)
	at org.junit.runners.ParentRunner.run(ParentRunner.java:363)
	at org.springframework.test.context.junit4.SpringJUnit4ClassRunner.run(SpringJUnit4ClassRunner.java:191)
	at org.gradle.api.internal.tasks.testing.junit.JUnitTestClassExecuter.runTestClass(JUnitTestClassExecuter.java:114)
	at org.gradle.api.internal.tasks.testing.junit.JUnitTestClassExecuter.execute(JUnitTestClassExecuter.java:57)
	at org.gradle.api.internal.tasks.testing.junit.JUnitTestClassProcessor.processTestClass(JUnitTestClassProcessor.java:66)
	at org.gradle.api.internal.tasks.testing.SuiteTestClassProcessor.processTestClass(SuiteTestClassProcessor.java:51)
	at sun.reflect.NativeMethodAccessorImpl.invoke0(Native Method)
	at sun.reflect.NativeMethodAccessorImpl.invoke(NativeMethodAccessorImpl.java:62)
	at sun.reflect.DelegatingMethodAccessorImpl.invoke(DelegatingMethodAccessorImpl.java:43)
	at java.lang.reflect.Method.invoke(Method.java:498)
	at org.gradle.internal.dispatch.ReflectionDispatch.dispatch(ReflectionDispatch.java:35)
	at org.gradle.internal.dispatch.ReflectionDispatch.dispatch(ReflectionDispatch.java:24)
	at org.gradle.internal.dispatch.ContextClassLoaderDispatch.dispatch(ContextClassLoaderDispatch.java:32)
	at org.gradle.internal.dispatch.ProxyDispatchAdapter$DispatchingInvocationHandler.invoke(ProxyDispatchAdapter.java:93)
	at com.sun.proxy.$Proxy2.processTestClass(Unknown Source)
	at org.gradle.api.internal.tasks.testing.worker.TestWorker.processTestClass(TestWorker.java:109)
	at sun.reflect.NativeMethodAccessorImpl.invoke0(Native Method)
	at sun.reflect.NativeMethodAccessorImpl.invoke(NativeMethodAccessorImpl.java:62)
	at sun.reflect.DelegatingMethodAccessorImpl.invoke(DelegatingMethodAccessorImpl.java:43)
	at java.lang.reflect.Method.invoke(Method.java:498)
	at org.gradle.internal.dispatch.ReflectionDispatch.dispatch(ReflectionDispatch.java:35)
	at org.gradle.internal.dispatch.ReflectionDispatch.dispatch(ReflectionDispatch.java:24)
	at org.gradle.internal.remote.internal.hub.MessageHub$Handler.run(MessageHub.java:377)
	at org.gradle.internal.concurrent.ExecutorPolicy$CatchAndRecordFailures.onExecute(ExecutorPolicy.java:54)
	at org.gradle.internal.concurrent.StoppableExecutorImpl$1.run(StoppableExecutorImpl.java:40)
	at java.util.concurrent.ThreadPoolExecutor.runWorker(ThreadPoolExecutor.java:1142)
	at java.util.concurrent.ThreadPoolExecutor$Worker.run(ThreadPoolExecutor.java:617)
	at java.lang.Thread.run(Thread.java:748)
Caused by: java.lang.IllegalStateException: Failed to execute ApplicationRunner
	at org.springframework.boot.SpringApplication.callRunner(SpringApplication.java:770)
	at org.springframework.boot.SpringApplication.callRunners(SpringApplication.java:757)
	at org.springframework.boot.SpringApplication.afterRefresh(SpringApplication.java:747)
	at org.springframework.boot.SpringApplication.run(SpringApplication.java:315)
	at org.springframework.boot.test.context.SpringBootContextLoader.loadContext(SpringBootContextLoader.java:120)
	at org.springframework.test.context.cache.DefaultCacheAwareContextLoaderDelegate.loadContextInternal(DefaultCacheAwareContextLoaderDelegate.java:98)
	at org.springframework.test.context.cache.DefaultCacheAwareContextLoaderDelegate.loadContext(DefaultCacheAwareContextLoaderDelegate.java:116)
	... 45 more
Caused by: org.springframework.dao.DataIntegrityViolationException: could not execute statement; SQL [n/a]; nested exception is org.hibernate.exception.DataException: could not execute statement
	at org.springframework.orm.jpa.vendor.HibernateJpaDialect.convertHibernateAccessException(HibernateJpaDialect.java:282)
	at org.springframework.orm.jpa.vendor.HibernateJpaDialect.translateExceptionIfPossible(HibernateJpaDialect.java:244)
	at org.springframework.orm.jpa.AbstractEntityManagerFactoryBean.translateExceptionIfPossible(AbstractEntityManagerFactoryBean.java:491)
	at org.springframework.dao.support.ChainedPersistenceExceptionTranslator.translateExceptionIfPossible(ChainedPersistenceExceptionTranslator.java:59)
	at org.springframework.dao.support.DataAccessUtils.translateIfNecessary(DataAccessUtils.java:213)
	at org.springframework.dao.support.PersistenceExceptionTranslationInterceptor.invoke(PersistenceExceptionTranslationInterceptor.java:147)
	at org.springframework.aop.framework.ReflectiveMethodInvocation.proceed(ReflectiveMethodInvocation.java:179)
	at org.springframework.data.jpa.repository.support.CrudMethodMetadataPostProcessor$CrudMethodMetadataPopulatingMethodInterceptor.invoke(CrudMethodMetadataPostProcessor.java:133)
	at org.springframework.aop.framework.ReflectiveMethodInvocation.proceed(ReflectiveMethodInvocation.java:179)
	at org.springframework.aop.interceptor.ExposeInvocationInterceptor.invoke(ExposeInvocationInterceptor.java:92)
	at org.springframework.aop.framework.ReflectiveMethodInvocation.proceed(ReflectiveMethodInvocation.java:179)
	at org.springframework.data.repository.core.support.SurroundingTransactionDetectorMethodInterceptor.invoke(SurroundingTransactionDetectorMethodInterceptor.java:57)
	at org.springframework.aop.framework.ReflectiveMethodInvocation.proceed(ReflectiveMethodInvocation.java:179)
	at org.springframework.aop.framework.JdkDynamicAopProxy.invoke(JdkDynamicAopProxy.java:213)
	at com.sun.proxy.$Proxy122.save(Unknown Source)
	at com.avalanche.tmcs.DataLoader.performAdditionOfTestData(DataLoader.java:281)
	at com.avalanche.tmcs.DataLoader.run(DataLoader.java:86)
	at org.springframework.boot.SpringApplication.callRunner(SpringApplication.java:767)
	... 51 more
Caused by: org.hibernate.exception.DataException: could not execute statement
	at org.hibernate.exception.internal.SQLExceptionTypeDelegate.convert(SQLExceptionTypeDelegate.java:52)
	at org.hibernate.exception.internal.StandardSQLExceptionConverter.convert(StandardSQLExceptionConverter.java:42)
	at org.hibernate.engine.jdbc.spi.SqlExceptionHelper.convert(SqlExceptionHelper.java:109)
	at org.hibernate.engine.jdbc.spi.SqlExceptionHelper.convert(SqlExceptionHelper.java:95)
	at org.hibernate.engine.jdbc.internal.ResultSetReturnImpl.executeUpdate(ResultSetReturnImpl.java:207)
	at org.hibernate.dialect.identity.GetGeneratedKeysDelegate.executeAndExtract(GetGeneratedKeysDelegate.java:57)
	at org.hibernate.id.insert.AbstractReturningDelegate.performInsert(AbstractReturningDelegate.java:42)
	at org.hibernate.persister.entity.AbstractEntityPersister.insert(AbstractEntityPersister.java:2803)
	at org.hibernate.persister.entity.AbstractEntityPersister.insert(AbstractEntityPersister.java:3374)
	at org.hibernate.action.internal.EntityIdentityInsertAction.execute(EntityIdentityInsertAction.java:81)
	at org.hibernate.engine.spi.ActionQueue.execute(ActionQueue.java:619)
	at org.hibernate.engine.spi.ActionQueue.addResolvedEntityInsertAction(ActionQueue.java:273)
	at org.hibernate.engine.spi.ActionQueue.addInsertAction(ActionQueue.java:254)
	at org.hibernate.engine.spi.ActionQueue.addAction(ActionQueue.java:299)
	at org.hibernate.event.internal.AbstractSaveEventListener.addInsertAction(AbstractSaveEventListener.java:317)
	at org.hibernate.event.internal.AbstractSaveEventListener.performSaveOrReplicate(AbstractSaveEventListener.java:272)
	at org.hibernate.event.internal.AbstractSaveEventListener.performSave(AbstractSaveEventListener.java:178)
	at org.hibernate.event.internal.AbstractSaveEventListener.saveWithGeneratedId(AbstractSaveEventListener.java:109)
	at org.hibernate.jpa.event.internal.core.JpaPersistEventListener.saveWithGeneratedId(JpaPersistEventListener.java:67)
	at org.hibernate.event.internal.DefaultPersistEventListener.entityIsTransient(DefaultPersistEventListener.java:189)
	at org.hibernate.event.internal.DefaultPersistEventListener.onPersist(DefaultPersistEventListener.java:132)
	at org.hibernate.event.internal.DefaultPersistEventListener.onPersist(DefaultPersistEventListener.java:58)
	at org.hibernate.internal.SessionImpl.firePersist(SessionImpl.java:775)
	at org.hibernate.internal.SessionImpl.persist(SessionImpl.java:748)
	at org.hibernate.internal.SessionImpl.persist(SessionImpl.java:753)
	at org.hibernate.jpa.spi.AbstractEntityManagerImpl.persist(AbstractEntityManagerImpl.java:1146)
	at sun.reflect.GeneratedMethodAccessor81.invoke(Unknown Source)
	at sun.reflect.DelegatingMethodAccessorImpl.invoke(DelegatingMethodAccessorImpl.java:43)
	at java.lang.reflect.Method.invoke(Method.java:498)
	at org.springframework.orm.jpa.SharedEntityManagerCreator$SharedEntityManagerInvocationHandler.invoke(SharedEntityManagerCreator.java:298)
	at com.sun.proxy.$Proxy116.persist(Unknown Source)
	at org.springframework.data.jpa.repository.support.SimpleJpaRepository.save(SimpleJpaRepository.java:508)
	at sun.reflect.NativeMethodAccessorImpl.invoke0(Native Method)
	at sun.reflect.NativeMethodAccessorImpl.invoke(NativeMethodAccessorImpl.java:62)
	at sun.reflect.DelegatingMethodAccessorImpl.invoke(DelegatingMethodAccessorImpl.java:43)
	at java.lang.reflect.Method.invoke(Method.java:498)
	at org.springframework.data.repository.core.support.RepositoryFactorySupport$QueryExecutorMethodInterceptor.executeMethodOn(RepositoryFactorySupport.java:504)
	at org.springframework.data.repository.core.support.RepositoryFactorySupport$QueryExecutorMethodInterceptor.doInvoke(RepositoryFactorySupport.java:489)
	at org.springframework.data.repository.core.support.RepositoryFactorySupport$QueryExecutorMethodInterceptor.invoke(RepositoryFactorySupport.java:461)
	at org.springframework.aop.framework.ReflectiveMethodInvocation.proceed(ReflectiveMethodInvocation.java:179)
	at org.springframework.data.projection.DefaultMethodInvokingMethodInterceptor.invoke(DefaultMethodInvokingMethodInterceptor.java:61)
	at org.springframework.aop.framework.ReflectiveMethodInvocation.proceed(ReflectiveMethodInvocation.java:179)
	at org.springframework.transaction.interceptor.TransactionInterceptor$1.proceedWithInvocation(TransactionInterceptor.java:99)
	at org.springframework.transaction.interceptor.TransactionAspectSupport.invokeWithinTransaction(TransactionAspectSupport.java:282)
	at org.springframework.transaction.interceptor.TransactionInterceptor.invoke(TransactionInterceptor.java:96)
	at org.springframework.aop.framework.ReflectiveMethodInvocation.proceed(ReflectiveMethodInvocation.java:179)
	at org.springframework.dao.support.PersistenceExceptionTranslationInterceptor.invoke(PersistenceExceptionTranslationInterceptor.java:136)
	... 63 more
Caused by: java.sql.SQLDataException: (conn:10) Data too long for column 'company_description' at row 1
Query is: insert into company (approval_status, company_description, company_name, email_suffix, location, presentation, size, user_id, websiteurl) values (?, ?, ?, ?, ?, ?, ?, ?, ?), parameters [1,&lt;Buffer:'Innovating. Empowering. Delighting.

Intuit believes in the power of the individual. The power to do more. To make more. To be more.


We believe in the people who do things – the hat jugglers, the to-do list junkies, the masters of getting it done faster, better and more efficiently than ever before. Whether that\'s balancing the household budget, running a business or paying taxes.

 

We believe in these people because we are these people. We thrive on action – and results. And by making things simpler, we all get more out of doing what we love. We\'re innovators, and have been at it for more than three decades. And we don\'t stand still.

 

As the world evolves, so do we – inventing new solutions to solve important problems, perfecting those solutions and delighting our customers. In short: We’re on a missio...
	at org.mariadb.jdbc.internal.util.ExceptionMapper.get(ExceptionMapper.java:129)
	at org.mariadb.jdbc.internal.util.ExceptionMapper.getException(ExceptionMapper.java:101)
	at org.mariadb.jdbc.internal.util.ExceptionMapper.throwAndLogException(ExceptionMapper.java:77)
	at org.mariadb.jdbc.MariaDbStatement.executeQueryEpilog(MariaDbStatement.java:224)
	at org.mariadb.jdbc.MariaDbServerPreparedStatement.executeInternal(MariaDbServerPreparedStatement.java:411)
	at org.mariadb.jdbc.MariaDbServerPreparedStatement.execute(MariaDbServerPreparedStatement.java:361)
	at org.mariadb.jdbc.MariaDbServerPreparedStatement.executeUpdate(MariaDbServerPreparedStatement.java:350)
	at org.hibernate.engine.jdbc.internal.ResultSetReturnImpl.executeUpdate(ResultSetReturnImpl.java:204)
	... 105 more
Caused by: org.mariadb.jdbc.internal.util.dao.QueryException: Data too long for column 'company_description' at row 1
Query is: insert into company (approval_status, company_description, company_name, email_suffix, location, presentation, size, user_id, websiteurl) values (?, ?, ?, ?, ?, ?, ?, ?, ?), parameters [1,&lt;Buffer:'Innovating. Empowering. Delighting.

Intuit believes in the power of the individual. The power to do more. To make more. To be more.


We believe in the people who do things – the hat jugglers, the to-do list junkies, the masters of getting it done faster, better and more efficiently than ever before. Whether that\'s balancing the household budget, running a business or paying taxes.

 

We believe in these people because we are these people. We thrive on action – and results. And by making things simpler, we all get more out of doing what we love. We\'re innovators, and have been at it for more than three decades. And we don\'t stand still.

 

As the world evolves, so do we – inventing new solutions to solve important problems, perfecting those solutions and delighting our customers. In short: We’re on a missio...
	at org.mariadb.jdbc.internal.protocol.AbstractQueryProtocol.readErrorPacket(AbstractQueryProtocol.java:1098)
	at org.mariadb.jdbc.internal.protocol.AbstractQueryProtocol.readPacket(AbstractQueryProtocol.java:1030)
	at org.mariadb.jdbc.internal.protocol.AbstractQueryProtocol.getResult(AbstractQueryProtocol.java:985)
	at org.mariadb.jdbc.internal.protocol.AbstractQueryProtocol.executePreparedQuery(AbstractQueryProtocol.java:571)
	at org.mariadb.jdbc.MariaDbServerPreparedStatement.executeInternal(MariaDbServerPreparedStatement.java:399)
	... 108 more
</failure>
  </testcase>
  <system-out><![CDATA[16:51:29.170 [Test worker] DEBUG org.springframework.test.context.junit4.SpringJUnit4ClassRunner - SpringJUnit4ClassRunner constructor called with [class com.avalanche.tmcs.utils.SmokeTest]
16:51:29.173 [Test worker] DEBUG org.springframework.test.context.BootstrapUtils - Instantiating CacheAwareContextLoaderDelegate from class [org.springframework.test.context.cache.DefaultCacheAwareContextLoaderDelegate]
16:51:29.178 [Test worker] DEBUG org.springframework.test.context.BootstrapUtils - Instantiating BootstrapContext using constructor [public org.springframework.test.context.support.DefaultBootstrapContext(java.lang.Class,org.springframework.test.context.CacheAwareContextLoaderDelegate)]
16:51:29.188 [Test worker] DEBUG org.springframework.test.context.BootstrapUtils - Instantiating TestContextBootstrapper for test class [com.avalanche.tmcs.utils.SmokeTest] from class [org.springframework.boot.test.context.SpringBootTestContextBootstrapper]
16:51:29.196 [Test worker] INFO org.springframework.boot.test.context.SpringBootTestContextBootstrapper - Neither @ContextConfiguration nor @ContextHierarchy found for test class [com.avalanche.tmcs.utils.SmokeTest], using SpringBootContextLoader
16:51:29.199 [Test worker] DEBUG org.springframework.test.context.support.AbstractContextLoader - Did not detect default resource location for test class [com.avalanche.tmcs.utils.SmokeTest]: class path resource [com/avalanche/tmcs/utils/SmokeTest-context.xml] does not exist
16:51:29.199 [Test worker] DEBUG org.springframework.test.context.support.AbstractContextLoader - Did not detect default resource location for test class [com.avalanche.tmcs.utils.SmokeTest]: class path resource [com/avalanche/tmcs/utils/SmokeTestContext.groovy] does not exist
16:51:29.199 [Test worker] INFO org.springframework.test.context.support.AbstractContextLoader - Could not detect default resource locations for test class [com.avalanche.tmcs.utils.SmokeTest]: no resource found for suffixes {-context.xml, Context.groovy}.
16:51:29.200 [Test worker] INFO org.springframework.test.context.support.AnnotationConfigContextLoaderUtils - Could not detect default configuration classes for test class [com.avalanche.tmcs.utils.SmokeTest]: SmokeTest does not declare any static, non-private, non-final, nested classes annotated with @Configuration.
16:51:29.272 [Test worker] DEBUG org.springframework.test.context.support.ActiveProfilesUtils - Could not find an 'annotation declaring class' for annotation type [org.springframework.test.context.ActiveProfiles] and class [com.avalanche.tmcs.utils.SmokeTest]
16:51:29.277 [Test worker] DEBUG org.springframework.core.env.StandardEnvironment - Adding [systemProperties] PropertySource with lowest search precedence
16:51:29.277 [Test worker] DEBUG org.springframework.core.env.StandardEnvironment - Adding [systemEnvironment] PropertySource with lowest search precedence
16:51:29.278 [Test worker] DEBUG org.springframework.core.env.StandardEnvironment - Initialized StandardEnvironment with PropertySources [systemProperties,systemEnvironment]
16:51:29.284 [Test worker] DEBUG org.springframework.core.io.support.PathMatchingResourcePatternResolver - Resolved classpath location [com/avalanche/tmcs/utils/] to resources [URL [file:/home/ddubois/Documents/tmcs/server/build/classes/test/com/avalanche/tmcs/utils/]]
16:51:29.285 [Test worker] DEBUG org.springframework.core.io.support.PathMatchingResourcePatternResolver - Looking for matching resources in directory tree [/home/ddubois/Documents/tmcs/server/build/classes/test/com/avalanche/tmcs/utils]
16:51:29.285 [Test worker] DEBUG org.springframework.core.io.support.PathMatchingResourcePatternResolver - Searching directory [/home/ddubois/Documents/tmcs/server/build/classes/test/com/avalanche/tmcs/utils] for files matching pattern [/home/ddubois/Documents/tmcs/server/build/classes/test/com/avalanche/tmcs/utils/*.class]
16:51:29.287 [Test worker] DEBUG org.springframework.core.io.support.PathMatchingResourcePatternResolver - Resolved location pattern [classpath*:com/avalanche/tmcs/utils/*.class] to resources [file [/home/ddubois/Documents/tmcs/server/build/classes/test/com/avalanche/tmcs/utils/ServerContext.class], file [/home/ddubois/Documents/tmcs/server/build/classes/test/com/avalanche/tmcs/utils/SmokeTest.class], file [/home/ddubois/Documents/tmcs/server/build/classes/test/com/avalanche/tmcs/utils/TestUtils$1.class], file [/home/ddubois/Documents/tmcs/server/build/classes/test/com/avalanche/tmcs/utils/TestUtils.class]]
16:51:29.297 [Test worker] DEBUG org.springframework.core.io.support.PathMatchingResourcePatternResolver - Resolved classpath location [com/avalanche/tmcs/] to resources [URL [file:/home/ddubois/Documents/tmcs/server/build/classes/test/com/avalanche/tmcs/], URL [file:/home/ddubois/Documents/tmcs/server/build/classes/main/com/avalanche/tmcs/]]
16:51:29.297 [Test worker] DEBUG org.springframework.core.io.support.PathMatchingResourcePatternResolver - Looking for matching resources in directory tree [/home/ddubois/Documents/tmcs/server/build/classes/test/com/avalanche/tmcs]
16:51:29.297 [Test worker] DEBUG org.springframework.core.io.support.PathMatchingResourcePatternResolver - Searching directory [/home/ddubois/Documents/tmcs/server/build/classes/test/com/avalanche/tmcs] for files matching pattern [/home/ddubois/Documents/tmcs/server/build/classes/test/com/avalanche/tmcs/*.class]
16:51:29.298 [Test worker] DEBUG org.springframework.core.io.support.PathMatchingResourcePatternResolver - Looking for matching resources in directory tree [/home/ddubois/Documents/tmcs/server/build/classes/main/com/avalanche/tmcs]
16:51:29.298 [Test worker] DEBUG org.springframework.core.io.support.PathMatchingResourcePatternResolver - Searching directory [/home/ddubois/Documents/tmcs/server/build/classes/main/com/avalanche/tmcs] for files matching pattern [/home/ddubois/Documents/tmcs/server/build/classes/main/com/avalanche/tmcs/*.class]
16:51:29.299 [Test worker] DEBUG org.springframework.core.io.support.PathMatchingResourcePatternResolver - Resolved location pattern [classpath*:com/avalanche/tmcs/*.class] to resources [file [/home/ddubois/Documents/tmcs/server/build/classes/main/com/avalanche/tmcs/Application$1.class], file [/home/ddubois/Documents/tmcs/server/build/classes/main/com/avalanche/tmcs/Application$2.class], file [/home/ddubois/Documents/tmcs/server/build/classes/main/com/avalanche/tmcs/Application.class], file [/home/ddubois/Documents/tmcs/server/build/classes/main/com/avalanche/tmcs/DataLoader.class], file [/home/ddubois/Documents/tmcs/server/build/classes/main/com/avalanche/tmcs/PropertyNames.class], file [/home/ddubois/Documents/tmcs/server/build/classes/main/com/avalanche/tmcs/TmcsConfiguration.class]]
16:51:29.320 [Test worker] DEBUG org.springframework.context.annotation.ClassPathScanningCandidateComponentProvider - Identified candidate component class: file [/home/ddubois/Documents/tmcs/server/build/classes/main/com/avalanche/tmcs/Application.class]
16:51:29.323 [Test worker] INFO org.springframework.boot.test.context.SpringBootTestContextBootstrapper - Found @SpringBootConfiguration com.avalanche.tmcs.Application for test class com.avalanche.tmcs.utils.SmokeTest
16:51:29.325 [Test worker] DEBUG org.springframework.boot.test.context.SpringBootTestContextBootstrapper - @TestExecutionListeners is not present for class [com.avalanche.tmcs.utils.SmokeTest]: using defaults.
16:51:29.329 [Test worker] INFO org.springframework.boot.test.context.SpringBootTestContextBootstrapper - Loaded default TestExecutionListener class names from location [META-INF/spring.factories]: [org.springframework.boot.test.mock.mockito.MockitoTestExecutionListener, org.springframework.boot.test.mock.mockito.ResetMocksTestExecutionListener, org.springframework.boot.test.autoconfigure.restdocs.RestDocsTestExecutionListener, org.springframework.boot.test.autoconfigure.web.client.MockRestServiceServerResetTestExecutionListener, org.springframework.boot.test.autoconfigure.web.servlet.MockMvcPrintOnlyOnFailureTestExecutionListener, org.springframework.boot.test.autoconfigure.web.servlet.WebDriverTestExecutionListener, org.springframework.test.context.web.ServletTestExecutionListener, org.springframework.test.context.support.DirtiesContextBeforeModesTestExecutionListener, org.springframework.test.context.support.DependencyInjectionTestExecutionListener, org.springframework.test.context.support.DirtiesContextTestExecutionListener, org.springframework.test.context.transaction.TransactionalTestExecutionListener, org.springframework.test.context.jdbc.SqlScriptsTestExecutionListener]
16:51:29.341 [Test worker] INFO org.springframework.boot.test.context.SpringBootTestContextBootstrapper - Using TestExecutionListeners: [org.springframework.test.context.web.ServletTestExecutionListener@775da521, org.springframework.test.context.support.DirtiesContextBeforeModesTestExecutionListener@6f9fd713, org.springframework.boot.test.autoconfigure.SpringBootDependencyInjectionTestExecutionListener@67d87ff1, org.springframework.test.context.support.DirtiesContextTestExecutionListener@3c8c2476, org.springframework.test.context.transaction.TransactionalTestExecutionListener@26e2ea6b, org.springframework.test.context.jdbc.SqlScriptsTestExecutionListener@375496eb, org.springframework.boot.test.mock.mockito.MockitoTestExecutionListener@13574007, org.springframework.boot.test.autoconfigure.restdocs.RestDocsTestExecutionListener@4e25798f, org.springframework.boot.test.autoconfigure.web.client.MockRestServiceServerResetTestExecutionListener@7f256392, org.springframework.boot.test.mock.mockito.ResetMocksTestExecutionListener@6c554153, org.springframework.boot.test.autoconfigure.web.servlet.MockMvcPrintOnlyOnFailureTestExecutionListener@45ab73a6, org.springframework.boot.test.autoconfigure.web.servlet.WebDriverTestExecutionListener@20a7939d]
16:51:29.343 [Test worker] DEBUG org.springframework.test.annotation.ProfileValueUtils - Retrieved @ProfileValueSourceConfiguration [null] for test class [com.avalanche.tmcs.utils.SmokeTest]
16:51:29.344 [Test worker] DEBUG org.springframework.test.annotation.ProfileValueUtils - Retrieved ProfileValueSource type [class org.springframework.test.annotation.SystemProfileValueSource] for class [com.avalanche.tmcs.utils.SmokeTest]
16:51:29.344 [Test worker] DEBUG org.springframework.test.annotation.ProfileValueUtils - Retrieved @ProfileValueSourceConfiguration [null] for test class [com.avalanche.tmcs.utils.SmokeTest]
16:51:29.344 [Test worker] DEBUG org.springframework.test.annotation.ProfileValueUtils - Retrieved ProfileValueSource type [class org.springframework.test.annotation.SystemProfileValueSource] for class [com.avalanche.tmcs.utils.SmokeTest]
16:51:29.347 [Test worker] DEBUG org.springframework.test.context.support.AbstractDirtiesContextTestExecutionListener - Before test class: context [DefaultTestContext@1983285 testClass = SmokeTest, testInstance = [null], testMethod = [null], testException = [null], mergedContextConfiguration = [WebMergedContextConfiguration@3a2d7df5 testClass = SmokeTest, locations = '{}', classes = '{class com.avalanche.tmcs.Application}', contextInitializerClasses = '[]', activeProfiles = '{}', propertySourceLocations = '{}', propertySourceProperties = '{org.springframework.boot.test.context.SpringBootTestContextBootstrapper=true}', contextCustomizers = set[org.springframework.boot.test.context.SpringBootTestContextCustomizer@35ae7597, org.springframework.boot.test.context.filter.ExcludeFilterContextCustomizer@39c8c437, org.springframework.boot.test.mock.mockito.MockitoContextCustomizer@0, org.springframework.boot.test.autoconfigure.properties.PropertyMappingContextCustomizer@0, org.springframework.boot.test.autoconfigure.web.servlet.WebDriverContextCustomizerFactory$Customizer@3878f23e], resourceBasePath = 'src/main/webapp', contextLoader = 'org.springframework.boot.test.context.SpringBootContextLoader', parent = [null]]], class annotated with @DirtiesContext [false] with mode [null].
16:51:29.347 [Test worker] DEBUG org.springframework.test.annotation.ProfileValueUtils - Retrieved @ProfileValueSourceConfiguration [null] for test class [com.avalanche.tmcs.utils.SmokeTest]
16:51:29.348 [Test worker] DEBUG org.springframework.test.annotation.ProfileValueUtils - Retrieved ProfileValueSource type [class org.springframework.test.annotation.SystemProfileValueSource] for class [com.avalanche.tmcs.utils.SmokeTest]
16:51:29.443 [Test worker] DEBUG org.springframework.core.env.StandardEnvironment - Adding [systemProperties] PropertySource with lowest search precedence
16:51:29.444 [Test worker] DEBUG org.springframework.core.env.StandardEnvironment - Adding [systemEnvironment] PropertySource with lowest search precedence
16:51:29.444 [Test worker] DEBUG org.springframework.core.env.StandardEnvironment - Initialized StandardEnvironment with PropertySources [systemProperties,systemEnvironment]
16:51:29.445 [Test worker] DEBUG org.springframework.core.env.MutablePropertySources - Adding [inline] PropertySource with highest search precedence
16:51:29.448 [Test worker] DEBUG org.springframework.test.context.support.TestPropertySourceUtils - Adding inlined properties to environment: {spring.jmx.enabled=false, org.springframework.boot.test.context.SpringBootTestContextBootstrapper=true, server.port=-1}
16:51:29.448 [Test worker] DEBUG org.springframework.core.env.StandardEnvironment - Adding [Inlined Test Properties] PropertySource with highest search precedence

  .   ____          _            __ _ _
 /\\ / ___'_ __ _ _(_)_ __  __ _ \ \ \ \
( ( )\___ | '_ | '_| | '_ \/ _` | \ \ \ \
 \\/  ___)| |_)| | | | | || (_| |  ) ) ) )
  '  |____| .__|_| |_|_| |_\__, | / / / /
 =========|_|==============|___/=/_/_/_/
 :: Spring Boot ::        (v1.5.1.RELEASE)

2017-07-27 16:51:29.657  INFO 7074 --- [    Test worker] com.avalanche.tmcs.utils.SmokeTest       : Starting SmokeTest on shodan-linux with PID 7074 (started by ddubois in /home/ddubois/Documents/tmcs/server)
2017-07-27 16:51:29.658  INFO 7074 --- [    Test worker] com.avalanche.tmcs.utils.SmokeTest       : No active profile set, falling back to default profiles: default
2017-07-27 16:51:29.807  INFO 7074 --- [    Test worker] o.s.w.c.s.GenericWebApplicationContext   : Refreshing org.springframework.web.context.support.GenericWebApplicationContext@45315035: startup date [Thu Jul 27 16:51:29 EDT 2017]; root of context hierarchy
2017-07-27 16:51:31.285  INFO 7074 --- [    Test worker] trationDelegate$BeanPostProcessorChecker : Bean 'org.springframework.boot.autoconfigure.validation.ValidationAutoConfiguration' of type [class org.springframework.boot.autoconfigure.validation.ValidationAutoConfiguration] is not eligible for getting processed by all BeanPostProcessors (for example: not eligible for auto-proxying)
2017-07-27 16:51:31.340  INFO 7074 --- [    Test worker] trationDelegate$BeanPostProcessorChecker : Bean 'validator' of type [class org.springframework.validation.beanvalidation.LocalValidatorFactoryBean] is not eligible for getting processed by all BeanPostProcessors (for example: not eligible for auto-proxying)
2017-07-27 16:51:31.386  INFO 7074 --- [    Test worker] trationDelegate$BeanPostProcessorChecker : Bean 'org.springframework.transaction.annotation.ProxyTransactionManagementConfiguration' of type [class org.springframework.transaction.annotation.ProxyTransactionManagementConfiguration$$EnhancerBySpringCGLIB$$23cd7521] is not eligible for getting processed by all BeanPostProcessors (for example: not eligible for auto-proxying)
2017-07-27 16:51:31.775  INFO 7074 --- [    Test worker] j.LocalContainerEntityManagerFactoryBean : Building JPA container EntityManagerFactory for persistence unit 'default'
2017-07-27 16:51:31.789  INFO 7074 --- [    Test worker] o.hibernate.jpa.internal.util.LogHelper  : HHH000204: Processing PersistenceUnitInfo [
	name: default
	...]
2017-07-27 16:51:31.837  INFO 7074 --- [    Test worker] org.hibernate.Version                    : HHH000412: Hibernate Core {5.0.11.Final}
2017-07-27 16:51:31.838  INFO 7074 --- [    Test worker] org.hibernate.cfg.Environment            : HHH000206: hibernate.properties not found
2017-07-27 16:51:31.840  INFO 7074 --- [    Test worker] org.hibernate.cfg.Environment            : HHH000021: Bytecode provider name : javassist
2017-07-27 16:51:31.888  INFO 7074 --- [    Test worker] o.hibernate.annotations.common.Version   : HCANN000001: Hibernate Commons Annotations {5.0.1.Final}
2017-07-27 16:51:32.052  INFO 7074 --- [    Test worker] org.hibernate.dialect.Dialect            : HHH000400: Using dialect: org.hibernate.dialect.MySQL5Dialect
2017-07-27 16:51:32.554  INFO 7074 --- [    Test worker] org.hibernate.tool.hbm2ddl.SchemaUpdate  : HHH000228: Running hbm2ddl schema update
2017-07-27 16:51:34.308  INFO 7074 --- [    Test worker] j.LocalContainerEntityManagerFactoryBean : Initialized JPA EntityManagerFactory for persistence unit 'default'
2017-07-27 16:51:35.413  INFO 7074 --- [    Test worker] o.s.s.web.DefaultSecurityFilterChain     : Creating filter chain: org.springframework.security.web.util.matcher.AnyRequestMatcher@1, [org.springframework.security.web.context.request.async.WebAsyncManagerIntegrationFilter@7f31dc4e, org.springframework.security.web.context.SecurityContextPersistenceFilter@5c3ba9e8, org.springframework.security.web.header.HeaderWriterFilter@6a48e1e4, org.springframework.security.web.authentication.logout.LogoutFilter@1607140c, org.springframework.security.web.savedrequest.RequestCacheAwareFilter@54de6398, org.springframework.security.web.servletapi.SecurityContextHolderAwareRequestFilter@58aa9546, org.springframework.security.web.authentication.AnonymousAuthenticationFilter@5eea4b3d, org.springframework.security.web.session.SessionManagementFilter@7fb4a095, org.springframework.security.web.access.ExceptionTranslationFilter@3d081295, org.springframework.security.web.access.intercept.FilterSecurityInterceptor@69880f25]
2017-07-27 16:51:35.423  INFO 7074 --- [    Test worker] o.s.s.web.DefaultSecurityFilterChain     : Creating filter chain: org.springframework.boot.actuate.autoconfigure.ManagementWebSecurityAutoConfiguration$LazyEndpointPathRequestMatcher@55efa233, [org.springframework.security.web.context.request.async.WebAsyncManagerIntegrationFilter@d179f9c, org.springframework.security.web.context.SecurityContextPersistenceFilter@5865f501, org.springframework.security.web.header.HeaderWriterFilter@2f416aca, org.springframework.security.web.authentication.logout.LogoutFilter@5b0ac179, org.springframework.security.web.authentication.www.BasicAuthenticationFilter@39dc2f95, org.springframework.security.web.savedrequest.RequestCacheAwareFilter@3f9014d4, org.springframework.security.web.servletapi.SecurityContextHolderAwareRequestFilter@1b233ed6, org.springframework.security.web.authentication.AnonymousAuthenticationFilter@3c19082d, org.springframework.security.web.session.SessionManagementFilter@220542e2, org.springframework.security.web.access.ExceptionTranslationFilter@7c136031, org.springframework.security.web.access.intercept.FilterSecurityInterceptor@320a19c4]
2017-07-27 16:51:35.649  INFO 7074 --- [    Test worker] s.w.s.m.m.a.RequestMappingHandlerAdapter : Looking for @ControllerAdvice: org.springframework.web.context.support.GenericWebApplicationContext@45315035: startup date [Thu Jul 27 16:51:29 EDT 2017]; root of context hierarchy
2017-07-27 16:51:35.715  INFO 7074 --- [    Test worker] s.w.s.m.m.a.RequestMappingHandlerMapping : Mapped "{[/recruiters],methods=[POST]}" onto public org.springframework.http.ResponseEntity<com.avalanche.tmcs.Recruiter.Recruiter> com.avalanche.tmcs.Recruiter.RecruiterController.addRecruiter(com.avalanche.tmcs.Recruiter.NewRecruiter)
2017-07-27 16:51:35.716  INFO 7074 --- [    Test worker] s.w.s.m.m.a.RequestMappingHandlerMapping : Mapped "{[/recruiters/edit],methods=[POST]}" onto public org.springframework.http.ResponseEntity<java.lang.String> com.avalanche.tmcs.Recruiter.RecruiterController.editRecruiter(com.avalanche.tmcs.Recruiter.Recruiter)
2017-07-27 16:51:35.716  INFO 7074 --- [    Test worker] s.w.s.m.m.a.RequestMappingHandlerMapping : Mapped "{[/recruiters/{id}],methods=[GET]}" onto public com.avalanche.tmcs.Recruiter.Recruiter com.avalanche.tmcs.Recruiter.RecruiterController.getEmployer(long)
2017-07-27 16:51:35.717  INFO 7074 --- [    Test worker] s.w.s.m.m.a.RequestMappingHandlerMapping : Mapped "{[/recruiters/byEmail/{email}],methods=[GET]}" onto public com.avalanche.tmcs.Recruiter.Recruiter com.avalanche.tmcs.Recruiter.RecruiterController.getRecruiterByEmail(java.lang.String)
2017-07-27 16:51:35.717  INFO 7074 --- [    Test worker] s.w.s.m.m.a.RequestMappingHandlerMapping : Mapped "{[/recruiters/company],methods=[POST]}" onto public org.springframework.http.ResponseEntity<?> com.avalanche.tmcs.Recruiter.RecruiterController.addCompany(long,com.avalanche.tmcs.company.Company)
2017-07-27 16:51:35.717  INFO 7074 --- [    Test worker] s.w.s.m.m.a.RequestMappingHandlerMapping : Mapped "{[/recruiters/company/{id}],methods=[PUT]}" onto public org.springframework.http.ResponseEntity<?> com.avalanche.tmcs.Recruiter.RecruiterController.editCompany(long,com.avalanche.tmcs.company.Company)
2017-07-27 16:51:35.717  INFO 7074 --- [    Test worker] s.w.s.m.m.a.RequestMappingHandlerMapping : Mapped "{[/recruiters/{id}],methods=[PUT]}" onto public org.springframework.http.ResponseEntity<?> com.avalanche.tmcs.Recruiter.RecruiterController.updateRecruiter(long,com.avalanche.tmcs.Recruiter.Recruiter)
2017-07-27 16:51:35.718  INFO 7074 --- [    Test worker] s.w.s.m.m.a.RequestMappingHandlerMapping : Mapped "{[/recruiters/company/{id}],methods=[GET]}" onto public com.avalanche.tmcs.company.Company com.avalanche.tmcs.Recruiter.RecruiterController.getCompany(long)
2017-07-27 16:51:35.719  INFO 7074 --- [    Test worker] s.w.s.m.m.a.RequestMappingHandlerMapping : Mapped "{[/user/login],methods=[POST]}" onto public org.springframework.http.ResponseEntity<com.avalanche.tmcs.auth.User> com.avalanche.tmcs.auth.UsersController.login(com.avalanche.tmcs.auth.User)
2017-07-27 16:51:35.719  INFO 7074 --- [    Test worker] s.w.s.m.m.a.RequestMappingHandlerMapping : Mapped "{[/user],methods=[POST]}" onto public org.springframework.http.ResponseEntity<com.avalanche.tmcs.auth.User> com.avalanche.tmcs.auth.UsersController.createNewUser(com.avalanche.tmcs.auth.User,java.lang.String)
2017-07-27 16:51:35.721  INFO 7074 --- [    Test worker] s.w.s.m.m.a.RequestMappingHandlerMapping : Mapped "{[/company],methods=[POST]}" onto public void com.avalanche.tmcs.company.CompanyController.addCompany(com.avalanche.tmcs.company.Company)
2017-07-27 16:51:35.721  INFO 7074 --- [    Test worker] s.w.s.m.m.a.RequestMappingHandlerMapping : Mapped "{[/company/{id}],methods=[PUT]}" onto public org.springframework.http.ResponseEntity<?> com.avalanche.tmcs.company.CompanyController.updateCompany(long,com.avalanche.tmcs.company.Company)
2017-07-27 16:51:35.721  INFO 7074 --- [    Test worker] s.w.s.m.m.a.RequestMappingHandlerMapping : Mapped "{[/company/email_suffix/{emailSuffix}],methods=[GET]}" onto public com.avalanche.tmcs.company.Company com.avalanche.tmcs.company.CompanyController.getCompanyByEmailSuffix(java.lang.String)
2017-07-27 16:51:35.721  INFO 7074 --- [    Test worker] s.w.s.m.m.a.RequestMappingHandlerMapping : Mapped "{[/company/{id}],methods=[GET]}" onto public com.avalanche.tmcs.company.Company com.avalanche.tmcs.company.CompanyController.getCompany(long)
2017-07-27 16:51:35.722  INFO 7074 --- [    Test worker] s.w.s.m.m.a.RequestMappingHandlerMapping : Mapped "{[/company/company_name/{companyName}],methods=[GET]}" onto public com.avalanche.tmcs.company.Company com.avalanche.tmcs.company.CompanyController.getCompanyByName(java.lang.String)
2017-07-27 16:51:35.725  INFO 7074 --- [    Test worker] s.w.s.m.m.a.RequestMappingHandlerMapping : Mapped "{[/jobposting/{id}],methods=[GET]}" onto public org.springframework.http.ResponseEntity<com.avalanche.tmcs.job_posting.JobPosting> com.avalanche.tmcs.job_posting.JobPostingController.getJobPosting(long)
2017-07-27 16:51:35.725  INFO 7074 --- [    Test worker] s.w.s.m.m.a.RequestMappingHandlerMapping : Mapped "{[/jobposting/fulfilled/{id}],methods=[POST]}" onto public void com.avalanche.tmcs.job_posting.JobPostingController.fulfillJobPosting(long)
2017-07-27 16:51:35.725  INFO 7074 --- [    Test worker] s.w.s.m.m.a.RequestMappingHandlerMapping : Mapped "{[/jobposting/delete/{id}],methods=[DELETE]}" onto public void com.avalanche.tmcs.job_posting.JobPostingController.deleteJobPosting(long)
2017-07-27 16:51:35.726  INFO 7074 --- [    Test worker] s.w.s.m.m.a.RequestMappingHandlerMapping : Mapped "{[/jobposting/create],methods=[POST]}" onto public void com.avalanche.tmcs.job_posting.JobPostingController.createJobPosting(com.avalanche.tmcs.job_posting.JobPosting)
2017-07-27 16:51:35.726  INFO 7074 --- [    Test worker] s.w.s.m.m.a.RequestMappingHandlerMapping : Mapped "{[/jobposting/recruiter/{id}],methods=[GET]}" onto public org.springframework.http.ResponseEntity<java.util.List<com.avalanche.tmcs.job_posting.JobPosting>> com.avalanche.tmcs.job_posting.JobPostingController.getJobPostingsByRecruiter(long)
2017-07-27 16:51:35.729  INFO 7074 --- [    Test worker] s.w.s.m.m.a.RequestMappingHandlerMapping : Mapped "{[/matches/studentMatches/{id}/],methods=[GET]}" onto public org.springframework.http.ResponseEntity<java.util.List<com.avalanche.tmcs.matching.Match>> com.avalanche.tmcs.matching.MatchController.getMatchesForStudent(long)
2017-07-27 16:51:35.729  INFO 7074 --- [    Test worker] s.w.s.m.m.a.RequestMappingHandlerMapping : Mapped "{[/matches/{id}/accept],methods=[POST]}" onto public org.springframework.http.ResponseEntity<?> com.avalanche.tmcs.matching.MatchController.showInterest(long,boolean)
2017-07-27 16:51:35.729  INFO 7074 --- [    Test worker] s.w.s.m.m.a.RequestMappingHandlerMapping : Mapped "{[/matches/posting/{id}/probphase],methods=[GET]}" onto public org.springframework.http.ResponseEntity<java.lang.Long> com.avalanche.tmcs.matching.MatchController.getProbPhaseMatches(long)
2017-07-27 16:51:35.729  INFO 7074 --- [    Test worker] s.w.s.m.m.a.RequestMappingHandlerMapping : Mapped "{[/matches/posting/{id}/probphase/unviewed],methods=[GET]}" onto public org.springframework.http.ResponseEntity<java.lang.Long> com.avalanche.tmcs.matching.MatchController.getUnviewedProbPhaseMatches(long)
2017-07-27 16:51:35.730  INFO 7074 --- [    Test worker] s.w.s.m.m.a.RequestMappingHandlerMapping : Mapped "{[/matches/posting/{id}/presentationphase],methods=[GET]}" onto public org.springframework.http.ResponseEntity<java.lang.Long> com.avalanche.tmcs.matching.MatchController.getPresentationPhaseMatches(long)
2017-07-27 16:51:35.730  INFO 7074 --- [    Test worker] s.w.s.m.m.a.RequestMappingHandlerMapping : Mapped "{[/matches/{jobPostingID}/problemResponsePending],methods=[GET]}" onto public org.springframework.http.ResponseEntity<java.util.List<com.avalanche.tmcs.matching.Match>> com.avalanche.tmcs.matching.MatchController.getMatchesWithProblemResponsePending(long)
2017-07-27 16:51:35.730  INFO 7074 --- [    Test worker] s.w.s.m.m.a.RequestMappingHandlerMapping : Mapped "{[/matches/{jobPostingId}/presentationResponsePending],methods=[GET]}" onto public org.springframework.http.ResponseEntity<java.util.List<com.avalanche.tmcs.matching.Match>> com.avalanche.tmcs.matching.MatchController.getMatchesWithPresentationResponsePending(long)
2017-07-27 16:51:35.730  INFO 7074 --- [    Test worker] s.w.s.m.m.a.RequestMappingHandlerMapping : Mapped "{[/matches/{jobPostingID}/interviewPhaseMatches/Count],methods=[GET]}" onto public org.springframework.http.ResponseEntity<java.lang.Long> com.avalanche.tmcs.matching.MatchController.getInterviewPhaseMatchesCount(long)
2017-07-27 16:51:35.730  INFO 7074 --- [    Test worker] s.w.s.m.m.a.RequestMappingHandlerMapping : Mapped "{[/matches/{jobPostingID}/interviewPhaseMatches/unviewed/Count],methods=[GET]}" onto public org.springframework.http.ResponseEntity<java.lang.Long> com.avalanche.tmcs.matching.MatchController.getUnviewedInterviewPhaseMatchesCount(long)
2017-07-27 16:51:35.730  INFO 7074 --- [    Test worker] s.w.s.m.m.a.RequestMappingHandlerMapping : Mapped "{[/matches/{jobPostingID}/presentationPhaseMatches/Count],methods=[GET]}" onto public org.springframework.http.ResponseEntity<java.lang.Long> com.avalanche.tmcs.matching.MatchController.getPresentationPhaseMatchesCount(long)
2017-07-27 16:51:35.731  INFO 7074 --- [    Test worker] s.w.s.m.m.a.RequestMappingHandlerMapping : Mapped "{[/matches/{jobPostingID}/presentationPhaseMatches/unviewed/Count],methods=[GET]}" onto public org.springframework.http.ResponseEntity<java.lang.Long> com.avalanche.tmcs.matching.MatchController.getUnviewedPresentationPhaseMatchesCount(long)
2017-07-27 16:51:35.731  INFO 7074 --- [    Test worker] s.w.s.m.m.a.RequestMappingHandlerMapping : Mapped "{[/matches/{jobPostingID}/interviewPhaseMatches],methods=[GET]}" onto public org.springframework.http.ResponseEntity<java.util.List<com.avalanche.tmcs.matching.Match>> com.avalanche.tmcs.matching.MatchController.getInterviewPhaseMatches(long)
2017-07-27 16:51:35.731  INFO 7074 --- [    Test worker] s.w.s.m.m.a.RequestMappingHandlerMapping : Mapped "{[/matches/{id}/update],methods=[PATCH]}" onto public org.springframework.http.ResponseEntity<java.lang.Boolean> com.avalanche.tmcs.matching.MatchController.updateMatch(long,com.avalanche.tmcs.matching.Match)
2017-07-27 16:51:35.731  INFO 7074 --- [    Test worker] s.w.s.m.m.a.RequestMappingHandlerMapping : Mapped "{[/matches/{id}/submitresponse/{response}],methods=[POST]}" onto public org.springframework.http.ResponseEntity<?> com.avalanche.tmcs.matching.MatchController.setProblemResponse(long,java.lang.String)
2017-07-27 16:51:35.731  INFO 7074 --- [    Test worker] s.w.s.m.m.a.RequestMappingHandlerMapping : Mapped "{[/matches/{id}/submitlink/{link}],methods=[POST]}" onto public org.springframework.http.ResponseEntity<?> com.avalanche.tmcs.matching.MatchController.setStudentLink(long,java.lang.String)
2017-07-27 16:51:35.732  INFO 7074 --- [    Test worker] s.w.s.m.m.a.RequestMappingHandlerMapping : Mapped "{[/skills],methods=[GET]}" onto public org.springframework.http.ResponseEntity<java.lang.Iterable<com.avalanche.tmcs.matching.Skill>> com.avalanche.tmcs.matching.SkillController.getSkills()
2017-07-27 16:51:35.733  INFO 7074 --- [    Test worker] s.w.s.m.m.a.RequestMappingHandlerMapping : Mapped "{[/students/{id}/update],methods=[PUT]}" onto public org.springframework.http.ResponseEntity<?> com.avalanche.tmcs.students.StudentsController.updateStudent(long,com.avalanche.tmcs.students.Student)
2017-07-27 16:51:35.733  INFO 7074 --- [    Test worker] s.w.s.m.m.a.RequestMappingHandlerMapping : Mapped "{[/students/{id}/skills],methods=[POST]}" onto public org.springframework.http.ResponseEntity<com.avalanche.tmcs.students.Student> com.avalanche.tmcs.students.StudentsController.updateSkills(long,java.util.Set<com.avalanche.tmcs.matching.Skill>)
2017-07-27 16:51:35.734  INFO 7074 --- [    Test worker] s.w.s.m.m.a.RequestMappingHandlerMapping : Mapped "{[/students/{id}/uploadResume],methods=[PUT]}" onto public org.springframework.http.ResponseEntity<java.lang.Boolean> com.avalanche.tmcs.students.StudentsController.uploadResume(long,com.avalanche.tmcs.students.Resume)
2017-07-27 16:51:35.734  INFO 7074 --- [    Test worker] s.w.s.m.m.a.RequestMappingHandlerMapping : Mapped "{[/students/{id}/resume],methods=[GET]}" onto public org.springframework.http.ResponseEntity com.avalanche.tmcs.students.StudentsController.getResume(long)
2017-07-27 16:51:35.734  INFO 7074 --- [    Test worker] s.w.s.m.m.a.RequestMappingHandlerMapping : Mapped "{[/students/byEmail/{email}],methods=[GET]}" onto public org.springframework.http.ResponseEntity<com.avalanche.tmcs.students.Student> com.avalanche.tmcs.students.StudentsController.getStudentByEmail(java.lang.String)
2017-07-27 16:51:35.734  INFO 7074 --- [    Test worker] s.w.s.m.m.a.RequestMappingHandlerMapping : Mapped "{[/students],methods=[POST]}" onto public org.springframework.http.ResponseEntity<com.avalanche.tmcs.students.Student> com.avalanche.tmcs.students.StudentsController.addStudent(com.avalanche.tmcs.students.NewStudent)
2017-07-27 16:51:35.734  INFO 7074 --- [    Test worker] s.w.s.m.m.a.RequestMappingHandlerMapping : Mapped "{[/students/{id}],methods=[GET]}" onto public org.springframework.http.ResponseEntity<com.avalanche.tmcs.students.Student> com.avalanche.tmcs.students.StudentsController.getStudent(long)
2017-07-27 16:51:35.735  INFO 7074 --- [    Test worker] s.w.s.m.m.a.RequestMappingHandlerMapping : Mapped "{[/error],produces=[text/html]}" onto public org.springframework.web.servlet.ModelAndView org.springframework.boot.autoconfigure.web.BasicErrorController.errorHtml(javax.servlet.http.HttpServletRequest,javax.servlet.http.HttpServletResponse)
2017-07-27 16:51:35.736  INFO 7074 --- [    Test worker] s.w.s.m.m.a.RequestMappingHandlerMapping : Mapped "{[/error]}" onto public org.springframework.http.ResponseEntity<java.util.Map<java.lang.String, java.lang.Object>> org.springframework.boot.autoconfigure.web.BasicErrorController.error(javax.servlet.http.HttpServletRequest)
2017-07-27 16:51:35.765  INFO 7074 --- [    Test worker] o.s.w.s.handler.SimpleUrlHandlerMapping  : Mapped URL path [/webjars/**] onto handler of type [class org.springframework.web.servlet.resource.ResourceHttpRequestHandler]
2017-07-27 16:51:35.765  INFO 7074 --- [    Test worker] o.s.w.s.handler.SimpleUrlHandlerMapping  : Mapped URL path [/**] onto handler of type [class org.springframework.web.servlet.resource.ResourceHttpRequestHandler]
2017-07-27 16:51:35.823  INFO 7074 --- [    Test worker] o.s.w.s.handler.SimpleUrlHandlerMapping  : Mapped URL path [/**/favicon.ico] onto handler of type [class org.springframework.web.servlet.resource.ResourceHttpRequestHandler]
2017-07-27 16:51:35.847  WARN 7074 --- [    Test worker] .t.AbstractTemplateResolverConfiguration : Cannot find template location: classpath:/templates/ (please add some templates or check your Thymeleaf configuration)
2017-07-27 16:51:36.502  INFO 7074 --- [    Test worker] o.s.b.a.e.mvc.EndpointHandlerMapping     : Mapped "{[/health || /health.json],methods=[GET],produces=[application/vnd.spring-boot.actuator.v1+json || application/json]}" onto public java.lang.Object org.springframework.boot.actuate.endpoint.mvc.HealthMvcEndpoint.invoke(javax.servlet.http.HttpServletRequest)
2017-07-27 16:51:36.503  INFO 7074 --- [    Test worker] o.s.b.a.e.mvc.EndpointHandlerMapping     : Mapped "{[/configprops || /configprops.json],methods=[GET],produces=[application/vnd.spring-boot.actuator.v1+json || application/json]}" onto public java.lang.Object org.springframework.boot.actuate.endpoint.mvc.EndpointMvcAdapter.invoke()
2017-07-27 16:51:36.504  INFO 7074 --- [    Test worker] o.s.b.a.e.mvc.EndpointHandlerMapping     : Mapped "{[/loggers/{name:.*}],methods=[GET],produces=[application/vnd.spring-boot.actuator.v1+json || application/json]}" onto public java.lang.Object org.springframework.boot.actuate.endpoint.mvc.LoggersMvcEndpoint.get(java.lang.String)
2017-07-27 16:51:36.505  INFO 7074 --- [    Test worker] o.s.b.a.e.mvc.EndpointHandlerMapping     : Mapped "{[/loggers/{name:.*}],methods=[POST],consumes=[application/vnd.spring-boot.actuator.v1+json || application/json],produces=[application/vnd.spring-boot.actuator.v1+json || application/json]}" onto public java.lang.Object org.springframework.boot.actuate.endpoint.mvc.LoggersMvcEndpoint.set(java.lang.String,java.util.Map<java.lang.String, java.lang.String>)
2017-07-27 16:51:36.505  INFO 7074 --- [    Test worker] o.s.b.a.e.mvc.EndpointHandlerMapping     : Mapped "{[/loggers || /loggers.json],methods=[GET],produces=[application/vnd.spring-boot.actuator.v1+json || application/json]}" onto public java.lang.Object org.springframework.boot.actuate.endpoint.mvc.EndpointMvcAdapter.invoke()
2017-07-27 16:51:36.506  INFO 7074 --- [    Test worker] o.s.b.a.e.mvc.EndpointHandlerMapping     : Mapped "{[/auditevents || /auditevents.json],methods=[GET],produces=[application/vnd.spring-boot.actuator.v1+json || application/json]}" onto public org.springframework.http.ResponseEntity<?> org.springframework.boot.actuate.endpoint.mvc.AuditEventsMvcEndpoint.findByPrincipalAndAfterAndType(java.lang.String,java.util.Date,java.lang.String)
2017-07-27 16:51:36.507  INFO 7074 --- [    Test worker] o.s.b.a.e.mvc.EndpointHandlerMapping     : Mapped "{[/dump || /dump.json],methods=[GET],produces=[application/vnd.spring-boot.actuator.v1+json || application/json]}" onto public java.lang.Object org.springframework.boot.actuate.endpoint.mvc.EndpointMvcAdapter.invoke()
2017-07-27 16:51:36.508  INFO 7074 --- [    Test worker] o.s.b.a.e.mvc.EndpointHandlerMapping     : Mapped "{[/autoconfig || /autoconfig.json],methods=[GET],produces=[application/vnd.spring-boot.actuator.v1+json || application/json]}" onto public java.lang.Object org.springframework.boot.actuate.endpoint.mvc.EndpointMvcAdapter.invoke()
2017-07-27 16:51:36.508  INFO 7074 --- [    Test worker] o.s.b.a.e.mvc.EndpointHandlerMapping     : Mapped "{[/beans || /beans.json],methods=[GET],produces=[application/vnd.spring-boot.actuator.v1+json || application/json]}" onto public java.lang.Object org.springframework.boot.actuate.endpoint.mvc.EndpointMvcAdapter.invoke()
2017-07-27 16:51:36.509  INFO 7074 --- [    Test worker] o.s.b.a.e.mvc.EndpointHandlerMapping     : Mapped "{[/trace || /trace.json],methods=[GET],produces=[application/vnd.spring-boot.actuator.v1+json || application/json]}" onto public java.lang.Object org.springframework.boot.actuate.endpoint.mvc.EndpointMvcAdapter.invoke()
2017-07-27 16:51:36.510  INFO 7074 --- [    Test worker] o.s.b.a.e.mvc.EndpointHandlerMapping     : Mapped "{[/info || /info.json],methods=[GET],produces=[application/vnd.spring-boot.actuator.v1+json || application/json]}" onto public java.lang.Object org.springframework.boot.actuate.endpoint.mvc.EndpointMvcAdapter.invoke()
2017-07-27 16:51:36.511  INFO 7074 --- [    Test worker] o.s.b.a.e.mvc.EndpointHandlerMapping     : Mapped "{[/mappings || /mappings.json],methods=[GET],produces=[application/vnd.spring-boot.actuator.v1+json || application/json]}" onto public java.lang.Object org.springframework.boot.actuate.endpoint.mvc.EndpointMvcAdapter.invoke()
2017-07-27 16:51:36.512  INFO 7074 --- [    Test worker] o.s.b.a.e.mvc.EndpointHandlerMapping     : Mapped "{[/env/{name:.*}],methods=[GET],produces=[application/vnd.spring-boot.actuator.v1+json || application/json]}" onto public java.lang.Object org.springframework.boot.actuate.endpoint.mvc.EnvironmentMvcEndpoint.value(java.lang.String)
2017-07-27 16:51:36.512  INFO 7074 --- [    Test worker] o.s.b.a.e.mvc.EndpointHandlerMapping     : Mapped "{[/env || /env.json],methods=[GET],produces=[application/vnd.spring-boot.actuator.v1+json || application/json]}" onto public java.lang.Object org.springframework.boot.actuate.endpoint.mvc.EndpointMvcAdapter.invoke()
2017-07-27 16:51:36.513  INFO 7074 --- [    Test worker] o.s.b.a.e.mvc.EndpointHandlerMapping     : Mapped "{[/metrics/{name:.*}],methods=[GET],produces=[application/vnd.spring-boot.actuator.v1+json || application/json]}" onto public java.lang.Object org.springframework.boot.actuate.endpoint.mvc.MetricsMvcEndpoint.value(java.lang.String)
2017-07-27 16:51:36.513  INFO 7074 --- [    Test worker] o.s.b.a.e.mvc.EndpointHandlerMapping     : Mapped "{[/metrics || /metrics.json],methods=[GET],produces=[application/vnd.spring-boot.actuator.v1+json || application/json]}" onto public java.lang.Object org.springframework.boot.actuate.endpoint.mvc.EndpointMvcAdapter.invoke()
2017-07-27 16:51:36.514  INFO 7074 --- [    Test worker] o.s.b.a.e.mvc.EndpointHandlerMapping     : Mapped "{[/heapdump || /heapdump.json],methods=[GET],produces=[application/octet-stream]}" onto public void org.springframework.boot.actuate.endpoint.mvc.HeapdumpMvcEndpoint.invoke(boolean,javax.servlet.http.HttpServletRequest,javax.servlet.http.HttpServletResponse) throws java.io.IOException,javax.servlet.ServletException
2017-07-27 16:51:36.782  INFO 7074 --- [    Test worker] o.h.h.i.QueryTranslatorFactoryInitiator  : HHH000397: Using ASTQueryTranslatorFactory
Hibernate: select role0_.id as id1_8_, role0_.name as name2_8_ from role role0_ where role0_.name=?
Hibernate: select role0_.id as id1_8_, role0_.name as name2_8_ from role role0_ where role0_.name=?
Hibernate: select role0_.id as id1_8_, role0_.name as name2_8_ from role role0_ where role0_.name=?
2017-07-27 16:51:36.911  INFO 7074 --- [    Test worker] com.avalanche.tmcs.DataLoader            : Added Role definitions
Hibernate: select skill0_.id as id1_9_, skill0_.name as name2_9_ from skills skill0_ where skill0_.name=?
Hibernate: insert into skills (name) values (?)
Hibernate: insert into skills (name) values (?)
Hibernate: insert into skills (name) values (?)
Hibernate: insert into skills (name) values (?)
Hibernate: insert into skills (name) values (?)
Hibernate: insert into skills (name) values (?)
Hibernate: insert into skills (name) values (?)
Hibernate: insert into skills (name) values (?)
Hibernate: insert into skills (name) values (?)
Hibernate: insert into skills (name) values (?)
Hibernate: insert into skills (name) values (?)
Hibernate: insert into skills (name) values (?)
Hibernate: insert into skills (name) values (?)
Hibernate: insert into skills (name) values (?)
Hibernate: insert into skills (name) values (?)
Hibernate: insert into skills (name) values (?)
Hibernate: insert into skills (name) values (?)
Hibernate: insert into skills (name) values (?)
Hibernate: insert into skills (name) values (?)
Hibernate: insert into skills (name) values (?)
Hibernate: insert into skills (name) values (?)
Hibernate: insert into skills (name) values (?)
Hibernate: insert into skills (name) values (?)
Hibernate: insert into skills (name) values (?)
Hibernate: insert into skills (name) values (?)
Hibernate: insert into skills (name) values (?)
Hibernate: insert into skills (name) values (?)
Hibernate: insert into skills (name) values (?)
Hibernate: insert into skills (name) values (?)
Hibernate: insert into skills (name) values (?)
Hibernate: insert into skills (name) values (?)
Hibernate: insert into skills (name) values (?)
Hibernate: insert into skills (name) values (?)
Hibernate: insert into skills (name) values (?)
Hibernate: insert into skills (name) values (?)
Hibernate: insert into skills (name) values (?)
Hibernate: insert into skills (name) values (?)
Hibernate: insert into skills (name) values (?)
Hibernate: insert into skills (name) values (?)
Hibernate: insert into skills (name) values (?)
Hibernate: insert into skills (name) values (?)
Hibernate: insert into skills (name) values (?)
Hibernate: insert into skills (name) values (?)
Hibernate: insert into skills (name) values (?)
Hibernate: select user0_.id as id1_14_, user0_.password as password2_14_, user0_.username as username3_14_ from users user0_ where user0_.username=?
Hibernate: select role0_.id as id1_8_, role0_.name as name2_8_ from role role0_ where role0_.name=?
Hibernate: insert into users (password, username) values (?, ?)
Hibernate: insert into user_role (user_id, role_id) values (?, ?)
Hibernate: select user0_.id as id1_14_, user0_.password as password2_14_, user0_.username as username3_14_ from users user0_ where user0_.username=?
Hibernate: select role0_.id as id1_8_, role0_.name as name2_8_ from role role0_ where role0_.name=?
Hibernate: insert into users (password, username) values (?, ?)
Hibernate: insert into user_role (user_id, role_id) values (?, ?)
Hibernate: select user0_.id as id1_14_, user0_.password as password2_14_, user0_.username as username3_14_ from users user0_ where user0_.username=?
Hibernate: select role0_.id as id1_8_, role0_.name as name2_8_ from role role0_ where role0_.name=?
Hibernate: insert into users (password, username) values (?, ?)
Hibernate: insert into user_role (user_id, role_id) values (?, ?)
Hibernate: select user0_.id as id1_14_, user0_.password as password2_14_, user0_.username as username3_14_ from users user0_ where user0_.username=?
Hibernate: select role0_.id as id1_8_, role0_.name as name2_8_ from role role0_ where role0_.name=?
Hibernate: insert into users (password, username) values (?, ?)
Hibernate: insert into user_role (user_id, role_id) values (?, ?)
Hibernate: insert into students (email, first_name, graduation_date, last_name, phone_number, preferred_company_size, resume_location, school, user_id) values (?, ?, ?, ?, ?, ?, ?, ?, ?)
Hibernate: insert into student_skill (student_id, skill_id) values (?, ?)
Hibernate: insert into student_skill (student_id, skill_id) values (?, ?)
Hibernate: insert into student_skill (student_id, skill_id) values (?, ?)
Hibernate: insert into student_skill (student_id, skill_id) values (?, ?)
Hibernate: insert into student_skill (student_id, skill_id) values (?, ?)
Hibernate: insert into student_skill (student_id, skill_id) values (?, ?)
Hibernate: insert into student_skill (student_id, skill_id) values (?, ?)
Hibernate: insert into student_skill (student_id, skill_id) values (?, ?)
Hibernate: insert into student_skill (student_id, skill_id) values (?, ?)
Hibernate: insert into student_skill (student_id, skill_id) values (?, ?)
Hibernate: insert into student_skill (student_id, skill_id) values (?, ?)
Hibernate: insert into student_skill (student_id, skill_id) values (?, ?)
Hibernate: insert into student_skill (student_id, skill_id) values (?, ?)
Hibernate: insert into student_skill (student_id, skill_id) values (?, ?)
Hibernate: insert into student_skill (student_id, skill_id) values (?, ?)
Hibernate: insert into student_skill (student_id, skill_id) values (?, ?)
Hibernate: insert into student_skill (student_id, skill_id) values (?, ?)
Hibernate: insert into student_skill (student_id, skill_id) values (?, ?)
Hibernate: insert into student_skill (student_id, skill_id) values (?, ?)
Hibernate: insert into student_skill (student_id, skill_id) values (?, ?)
Hibernate: insert into student_skill (student_id, skill_id) values (?, ?)
Hibernate: insert into student_skill (student_id, skill_id) values (?, ?)
Hibernate: insert into students (email, first_name, graduation_date, last_name, phone_number, preferred_company_size, resume_location, school, user_id) values (?, ?, ?, ?, ?, ?, ?, ?, ?)
Hibernate: insert into student_skill (student_id, skill_id) values (?, ?)
Hibernate: insert into student_skill (student_id, skill_id) values (?, ?)
Hibernate: insert into student_skill (student_id, skill_id) values (?, ?)
Hibernate: insert into student_skill (student_id, skill_id) values (?, ?)
Hibernate: insert into student_skill (student_id, skill_id) values (?, ?)
Hibernate: insert into student_skill (student_id, skill_id) values (?, ?)
Hibernate: insert into student_skill (student_id, skill_id) values (?, ?)
Hibernate: insert into student_skill (student_id, skill_id) values (?, ?)
Hibernate: insert into students (email, first_name, graduation_date, last_name, phone_number, preferred_company_size, resume_location, school, user_id) values (?, ?, ?, ?, ?, ?, ?, ?, ?)
Hibernate: insert into student_skill (student_id, skill_id) values (?, ?)
Hibernate: insert into student_skill (student_id, skill_id) values (?, ?)
Hibernate: insert into student_skill (student_id, skill_id) values (?, ?)
Hibernate: insert into student_skill (student_id, skill_id) values (?, ?)
Hibernate: insert into student_skill (student_id, skill_id) values (?, ?)
Hibernate: insert into student_skill (student_id, skill_id) values (?, ?)
Hibernate: insert into student_skill (student_id, skill_id) values (?, ?)
Hibernate: insert into student_skill (student_id, skill_id) values (?, ?)
Hibernate: insert into student_skill (student_id, skill_id) values (?, ?)
Hibernate: insert into student_skill (student_id, skill_id) values (?, ?)
Hibernate: insert into student_skill (student_id, skill_id) values (?, ?)
Hibernate: insert into student_skill (student_id, skill_id) values (?, ?)
Hibernate: insert into student_skill (student_id, skill_id) values (?, ?)
Hibernate: insert into student_skill (student_id, skill_id) values (?, ?)
Hibernate: insert into student_skill (student_id, skill_id) values (?, ?)
Hibernate: insert into company (approval_status, company_description, company_name, email_suffix, location, presentation, size, user_id, websiteurl) values (?, ?, ?, ?, ?, ?, ?, ?, ?)
2017-07-27 16:51:37.792  WARN 7074 --- [    Test worker] o.h.engine.jdbc.spi.SqlExceptionHelper   : SQL Error: 1406, SQLState: 22001
2017-07-27 16:51:37.792 ERROR 7074 --- [    Test worker] o.h.engine.jdbc.spi.SqlExceptionHelper   : (conn:10) Data too long for column 'company_description' at row 1
Query is: insert into company (approval_status, company_description, company_name, email_suffix, location, presentation, size, user_id, websiteurl) values (?, ?, ?, ?, ?, ?, ?, ?, ?), parameters [1,<Buffer:'Innovating. Empowering. Delighting.

Intuit believes in the power of the individual. The power to do more. To make more. To be more.


We believe in the people who do things – the hat jugglers, the to-do list junkies, the masters of getting it done faster, better and more efficiently than ever before. Whether that\'s balancing the household budget, running a business or paying taxes.

 

We believe in these people because we are these people. We thrive on action – and results. And by making things simpler, we all get more out of doing what we love. We\'re innovators, and have been at it for more than three decades. And we don\'t stand still.

 

As the world evolves, so do we – inventing new solutions to solve important problems, perfecting those solutions and delighting our customers. In short: We’re on a missio...
2017-07-27 16:51:37.799  INFO 7074 --- [    Test worker] utoConfigurationReportLoggingInitializer : 

Error starting ApplicationContext. To display the auto-configuration report re-run your application with 'debug' enabled.
2017-07-27 16:51:37.811 ERROR 7074 --- [    Test worker] o.s.boot.SpringApplication               : Application startup failed

java.lang.IllegalStateException: Failed to execute ApplicationRunner
	at org.springframework.boot.SpringApplication.callRunner(SpringApplication.java:770) ~[spring-boot-1.5.1.RELEASE.jar:1.5.1.RELEASE]
	at org.springframework.boot.SpringApplication.callRunners(SpringApplication.java:757) ~[spring-boot-1.5.1.RELEASE.jar:1.5.1.RELEASE]
	at org.springframework.boot.SpringApplication.afterRefresh(SpringApplication.java:747) ~[spring-boot-1.5.1.RELEASE.jar:1.5.1.RELEASE]
	at org.springframework.boot.SpringApplication.run(SpringApplication.java:315) ~[spring-boot-1.5.1.RELEASE.jar:1.5.1.RELEASE]
	at org.springframework.boot.test.context.SpringBootContextLoader.loadContext(SpringBootContextLoader.java:120) [spring-boot-test-1.5.1.RELEASE.jar:1.5.1.RELEASE]
	at org.springframework.test.context.cache.DefaultCacheAwareContextLoaderDelegate.loadContextInternal(DefaultCacheAwareContextLoaderDelegate.java:98) [spring-test-4.3.6.RELEASE.jar:4.3.6.RELEASE]
	at org.springframework.test.context.cache.DefaultCacheAwareContextLoaderDelegate.loadContext(DefaultCacheAwareContextLoaderDelegate.java:116) [spring-test-4.3.6.RELEASE.jar:4.3.6.RELEASE]
	at org.springframework.test.context.support.DefaultTestContext.getApplicationContext(DefaultTestContext.java:83) [spring-test-4.3.6.RELEASE.jar:4.3.6.RELEASE]
	at org.springframework.test.context.web.ServletTestExecutionListener.setUpRequestContextIfNecessary(ServletTestExecutionListener.java:189) [spring-test-4.3.6.RELEASE.jar:4.3.6.RELEASE]
	at org.springframework.test.context.web.ServletTestExecutionListener.prepareTestInstance(ServletTestExecutionListener.java:131) [spring-test-4.3.6.RELEASE.jar:4.3.6.RELEASE]
	at org.springframework.test.context.TestContextManager.prepareTestInstance(TestContextManager.java:230) [spring-test-4.3.6.RELEASE.jar:4.3.6.RELEASE]
	at org.springframework.test.context.junit4.SpringJUnit4ClassRunner.createTest(SpringJUnit4ClassRunner.java:228) [spring-test-4.3.6.RELEASE.jar:4.3.6.RELEASE]
	at org.springframework.test.context.junit4.SpringJUnit4ClassRunner$1.runReflectiveCall(SpringJUnit4ClassRunner.java:287) [spring-test-4.3.6.RELEASE.jar:4.3.6.RELEASE]
	at org.junit.internal.runners.model.ReflectiveCallable.run(ReflectiveCallable.java:12) [junit-4.12.jar:4.12]
	at org.springframework.test.context.junit4.SpringJUnit4ClassRunner.methodBlock(SpringJUnit4ClassRunner.java:289) [spring-test-4.3.6.RELEASE.jar:4.3.6.RELEASE]
	at org.springframework.test.context.junit4.SpringJUnit4ClassRunner.runChild(SpringJUnit4ClassRunner.java:247) [spring-test-4.3.6.RELEASE.jar:4.3.6.RELEASE]
	at org.springframework.test.context.junit4.SpringJUnit4ClassRunner.runChild(SpringJUnit4ClassRunner.java:94) [spring-test-4.3.6.RELEASE.jar:4.3.6.RELEASE]
	at org.junit.runners.ParentRunner$3.run(ParentRunner.java:290) [junit-4.12.jar:4.12]
	at org.junit.runners.ParentRunner$1.schedule(ParentRunner.java:71) [junit-4.12.jar:4.12]
	at org.junit.runners.ParentRunner.runChildren(ParentRunner.java:288) [junit-4.12.jar:4.12]
	at org.junit.runners.ParentRunner.access$000(ParentRunner.java:58) [junit-4.12.jar:4.12]
	at org.junit.runners.ParentRunner$2.evaluate(ParentRunner.java:268) [junit-4.12.jar:4.12]
	at org.springframework.test.context.junit4.statements.RunBeforeTestClassCallbacks.evaluate(RunBeforeTestClassCallbacks.java:61) [spring-test-4.3.6.RELEASE.jar:4.3.6.RELEASE]
	at org.springframework.test.context.junit4.statements.RunAfterTestClassCallbacks.evaluate(RunAfterTestClassCallbacks.java:70) [spring-test-4.3.6.RELEASE.jar:4.3.6.RELEASE]
	at org.junit.runners.ParentRunner.run(ParentRunner.java:363) [junit-4.12.jar:4.12]
	at org.springframework.test.context.junit4.SpringJUnit4ClassRunner.run(SpringJUnit4ClassRunner.java:191) [spring-test-4.3.6.RELEASE.jar:4.3.6.RELEASE]
	at org.gradle.api.internal.tasks.testing.junit.JUnitTestClassExecuter.runTestClass(JUnitTestClassExecuter.java:114) [gradle-testing-jvm-3.1.jar:3.1]
	at org.gradle.api.internal.tasks.testing.junit.JUnitTestClassExecuter.execute(JUnitTestClassExecuter.java:57) [gradle-testing-jvm-3.1.jar:3.1]
	at org.gradle.api.internal.tasks.testing.junit.JUnitTestClassProcessor.processTestClass(JUnitTestClassProcessor.java:66) [gradle-testing-jvm-3.1.jar:3.1]
	at org.gradle.api.internal.tasks.testing.SuiteTestClassProcessor.processTestClass(SuiteTestClassProcessor.java:51) [gradle-testing-base-3.1.jar:3.1]
	at sun.reflect.NativeMethodAccessorImpl.invoke0(Native Method) ~[na:1.8.0_131]
	at sun.reflect.NativeMethodAccessorImpl.invoke(NativeMethodAccessorImpl.java:62) ~[na:1.8.0_131]
	at sun.reflect.DelegatingMethodAccessorImpl.invoke(DelegatingMethodAccessorImpl.java:43) ~[na:1.8.0_131]
	at java.lang.reflect.Method.invoke(Method.java:498) ~[na:1.8.0_131]
	at org.gradle.internal.dispatch.ReflectionDispatch.dispatch(ReflectionDispatch.java:35) [gradle-messaging-3.1.jar:3.1]
	at org.gradle.internal.dispatch.ReflectionDispatch.dispatch(ReflectionDispatch.java:24) [gradle-messaging-3.1.jar:3.1]
	at org.gradle.internal.dispatch.ContextClassLoaderDispatch.dispatch(ContextClassLoaderDispatch.java:32) [gradle-messaging-3.1.jar:3.1]
	at org.gradle.internal.dispatch.ProxyDispatchAdapter$DispatchingInvocationHandler.invoke(ProxyDispatchAdapter.java:93) [gradle-messaging-3.1.jar:3.1]
	at com.sun.proxy.$Proxy2.processTestClass(Unknown Source) [na:na]
	at org.gradle.api.internal.tasks.testing.worker.TestWorker.processTestClass(TestWorker.java:109) [gradle-testing-base-3.1.jar:3.1]
	at sun.reflect.NativeMethodAccessorImpl.invoke0(Native Method) ~[na:1.8.0_131]
	at sun.reflect.NativeMethodAccessorImpl.invoke(NativeMethodAccessorImpl.java:62) ~[na:1.8.0_131]
	at sun.reflect.DelegatingMethodAccessorImpl.invoke(DelegatingMethodAccessorImpl.java:43) ~[na:1.8.0_131]
	at java.lang.reflect.Method.invoke(Method.java:498) ~[na:1.8.0_131]
	at org.gradle.internal.dispatch.ReflectionDispatch.dispatch(ReflectionDispatch.java:35) [gradle-messaging-3.1.jar:3.1]
	at org.gradle.internal.dispatch.ReflectionDispatch.dispatch(ReflectionDispatch.java:24) [gradle-messaging-3.1.jar:3.1]
	at org.gradle.internal.remote.internal.hub.MessageHub$Handler.run(MessageHub.java:377) [gradle-messaging-3.1.jar:3.1]
	at org.gradle.internal.concurrent.ExecutorPolicy$CatchAndRecordFailures.onExecute(ExecutorPolicy.java:54) [gradle-base-services-3.1.jar:3.1]
	at org.gradle.internal.concurrent.StoppableExecutorImpl$1.run(StoppableExecutorImpl.java:40) [gradle-base-services-3.1.jar:3.1]
	at java.util.concurrent.ThreadPoolExecutor.runWorker(ThreadPoolExecutor.java:1142) [na:1.8.0_131]
	at java.util.concurrent.ThreadPoolExecutor$Worker.run(ThreadPoolExecutor.java:617) [na:1.8.0_131]
	at java.lang.Thread.run(Thread.java:748) [na:1.8.0_131]
Caused by: org.springframework.dao.DataIntegrityViolationException: could not execute statement; SQL [n/a]; nested exception is org.hibernate.exception.DataException: could not execute statement
	at org.springframework.orm.jpa.vendor.HibernateJpaDialect.convertHibernateAccessException(HibernateJpaDialect.java:282) ~[spring-orm-4.3.6.RELEASE.jar:4.3.6.RELEASE]
	at org.springframework.orm.jpa.vendor.HibernateJpaDialect.translateExceptionIfPossible(HibernateJpaDialect.java:244) ~[spring-orm-4.3.6.RELEASE.jar:4.3.6.RELEASE]
	at org.springframework.orm.jpa.AbstractEntityManagerFactoryBean.translateExceptionIfPossible(AbstractEntityManagerFactoryBean.java:491) ~[spring-orm-4.3.6.RELEASE.jar:4.3.6.RELEASE]
	at org.springframework.dao.support.ChainedPersistenceExceptionTranslator.translateExceptionIfPossible(ChainedPersistenceExceptionTranslator.java:59) ~[spring-tx-4.3.6.RELEASE.jar:4.3.6.RELEASE]
	at org.springframework.dao.support.DataAccessUtils.translateIfNecessary(DataAccessUtils.java:213) ~[spring-tx-4.3.6.RELEASE.jar:4.3.6.RELEASE]
	at org.springframework.dao.support.PersistenceExceptionTranslationInterceptor.invoke(PersistenceExceptionTranslationInterceptor.java:147) ~[spring-tx-4.3.6.RELEASE.jar:4.3.6.RELEASE]
	at org.springframework.aop.framework.ReflectiveMethodInvocation.proceed(ReflectiveMethodInvocation.java:179) ~[spring-aop-4.3.6.RELEASE.jar:4.3.6.RELEASE]
	at org.springframework.data.jpa.repository.support.CrudMethodMetadataPostProcessor$CrudMethodMetadataPopulatingMethodInterceptor.invoke(CrudMethodMetadataPostProcessor.java:133) ~[spring-data-jpa-1.11.0.RELEASE.jar:na]
	at org.springframework.aop.framework.ReflectiveMethodInvocation.proceed(ReflectiveMethodInvocation.java:179) ~[spring-aop-4.3.6.RELEASE.jar:4.3.6.RELEASE]
	at org.springframework.aop.interceptor.ExposeInvocationInterceptor.invoke(ExposeInvocationInterceptor.java:92) ~[spring-aop-4.3.6.RELEASE.jar:4.3.6.RELEASE]
	at org.springframework.aop.framework.ReflectiveMethodInvocation.proceed(ReflectiveMethodInvocation.java:179) ~[spring-aop-4.3.6.RELEASE.jar:4.3.6.RELEASE]
	at org.springframework.data.repository.core.support.SurroundingTransactionDetectorMethodInterceptor.invoke(SurroundingTransactionDetectorMethodInterceptor.java:57) ~[spring-data-commons-1.13.0.RELEASE.jar:na]
	at org.springframework.aop.framework.ReflectiveMethodInvocation.proceed(ReflectiveMethodInvocation.java:179) ~[spring-aop-4.3.6.RELEASE.jar:4.3.6.RELEASE]
	at org.springframework.aop.framework.JdkDynamicAopProxy.invoke(JdkDynamicAopProxy.java:213) ~[spring-aop-4.3.6.RELEASE.jar:4.3.6.RELEASE]
	at com.sun.proxy.$Proxy122.save(Unknown Source) ~[na:na]
	at com.avalanche.tmcs.DataLoader.performAdditionOfTestData(DataLoader.java:281) ~[main/:na]
	at com.avalanche.tmcs.DataLoader.run(DataLoader.java:86) ~[main/:na]
	at org.springframework.boot.SpringApplication.callRunner(SpringApplication.java:767) ~[spring-boot-1.5.1.RELEASE.jar:1.5.1.RELEASE]
	... 51 common frames omitted
Caused by: org.hibernate.exception.DataException: could not execute statement
	at org.hibernate.exception.internal.SQLExceptionTypeDelegate.convert(SQLExceptionTypeDelegate.java:52) ~[hibernate-core-5.0.11.Final.jar:5.0.11.Final]
	at org.hibernate.exception.internal.StandardSQLExceptionConverter.convert(StandardSQLExceptionConverter.java:42) ~[hibernate-core-5.0.11.Final.jar:5.0.11.Final]
	at org.hibernate.engine.jdbc.spi.SqlExceptionHelper.convert(SqlExceptionHelper.java:109) ~[hibernate-core-5.0.11.Final.jar:5.0.11.Final]
	at org.hibernate.engine.jdbc.spi.SqlExceptionHelper.convert(SqlExceptionHelper.java:95) ~[hibernate-core-5.0.11.Final.jar:5.0.11.Final]
	at org.hibernate.engine.jdbc.internal.ResultSetReturnImpl.executeUpdate(ResultSetReturnImpl.java:207) ~[hibernate-core-5.0.11.Final.jar:5.0.11.Final]
	at org.hibernate.dialect.identity.GetGeneratedKeysDelegate.executeAndExtract(GetGeneratedKeysDelegate.java:57) ~[hibernate-core-5.0.11.Final.jar:5.0.11.Final]
	at org.hibernate.id.insert.AbstractReturningDelegate.performInsert(AbstractReturningDelegate.java:42) ~[hibernate-core-5.0.11.Final.jar:5.0.11.Final]
	at org.hibernate.persister.entity.AbstractEntityPersister.insert(AbstractEntityPersister.java:2803) ~[hibernate-core-5.0.11.Final.jar:5.0.11.Final]
	at org.hibernate.persister.entity.AbstractEntityPersister.insert(AbstractEntityPersister.java:3374) ~[hibernate-core-5.0.11.Final.jar:5.0.11.Final]
	at org.hibernate.action.internal.EntityIdentityInsertAction.execute(EntityIdentityInsertAction.java:81) ~[hibernate-core-5.0.11.Final.jar:5.0.11.Final]
	at org.hibernate.engine.spi.ActionQueue.execute(ActionQueue.java:619) ~[hibernate-core-5.0.11.Final.jar:5.0.11.Final]
	at org.hibernate.engine.spi.ActionQueue.addResolvedEntityInsertAction(ActionQueue.java:273) ~[hibernate-core-5.0.11.Final.jar:5.0.11.Final]
	at org.hibernate.engine.spi.ActionQueue.addInsertAction(ActionQueue.java:254) ~[hibernate-core-5.0.11.Final.jar:5.0.11.Final]
	at org.hibernate.engine.spi.ActionQueue.addAction(ActionQueue.java:299) ~[hibernate-core-5.0.11.Final.jar:5.0.11.Final]
	at org.hibernate.event.internal.AbstractSaveEventListener.addInsertAction(AbstractSaveEventListener.java:317) ~[hibernate-core-5.0.11.Final.jar:5.0.11.Final]
	at org.hibernate.event.internal.AbstractSaveEventListener.performSaveOrReplicate(AbstractSaveEventListener.java:272) ~[hibernate-core-5.0.11.Final.jar:5.0.11.Final]
	at org.hibernate.event.internal.AbstractSaveEventListener.performSave(AbstractSaveEventListener.java:178) ~[hibernate-core-5.0.11.Final.jar:5.0.11.Final]
	at org.hibernate.event.internal.AbstractSaveEventListener.saveWithGeneratedId(AbstractSaveEventListener.java:109) ~[hibernate-core-5.0.11.Final.jar:5.0.11.Final]
	at org.hibernate.jpa.event.internal.core.JpaPersistEventListener.saveWithGeneratedId(JpaPersistEventListener.java:67) ~[hibernate-entitymanager-5.0.11.Final.jar:5.0.11.Final]
	at org.hibernate.event.internal.DefaultPersistEventListener.entityIsTransient(DefaultPersistEventListener.java:189) ~[hibernate-core-5.0.11.Final.jar:5.0.11.Final]
	at org.hibernate.event.internal.DefaultPersistEventListener.onPersist(DefaultPersistEventListener.java:132) ~[hibernate-core-5.0.11.Final.jar:5.0.11.Final]
	at org.hibernate.event.internal.DefaultPersistEventListener.onPersist(DefaultPersistEventListener.java:58) ~[hibernate-core-5.0.11.Final.jar:5.0.11.Final]
	at org.hibernate.internal.SessionImpl.firePersist(SessionImpl.java:775) ~[hibernate-core-5.0.11.Final.jar:5.0.11.Final]
[...]
	at org.springframework.test.context.junit4.SpringJUnit4ClassRunner$1.runReflectiveCall(SpringJUnit4ClassRunner.java:287) [spring-test-4.3.6.RELEASE.jar:4.3.6.RELEASE]
	at org.junit.internal.runners.model.ReflectiveCallable.run(ReflectiveCallable.java:12) [junit-4.12.jar:4.12]
	at org.springframework.test.context.junit4.SpringJUnit4ClassRunner.methodBlock(SpringJUnit4ClassRunner.java:289) [spring-test-4.3.6.RELEASE.jar:4.3.6.RELEASE]
	at org.springframework.test.context.junit4.SpringJUnit4ClassRunner.runChild(SpringJUnit4ClassRunner.java:247) [spring-test-4.3.6.RELEASE.jar:4.3.6.RELEASE]
	at org.springframework.test.context.junit4.SpringJUnit4ClassRunner.runChild(SpringJUnit4ClassRunner.java:94) [spring-test-4.3.6.RELEASE.jar:4.3.6.RELEASE]
	at org.junit.runners.ParentRunner$3.run(ParentRunner.java:290) [junit-4.12.jar:4.12]
	at org.junit.runners.ParentRunner$1.schedule(ParentRunner.java:71) [junit-4.12.jar:4.12]
	at org.junit.runners.ParentRunner.runChildren(ParentRunner.java:288) [junit-4.12.jar:4.12]
	at org.junit.runners.ParentRunner.access$000(ParentRunner.java:58) [junit-4.12.jar:4.12]
	at org.junit.runners.ParentRunner$2.evaluate(ParentRunner.java:268) [junit-4.12.jar:4.12]
	at org.springframework.test.context.junit4.statements.RunBeforeTestClassCallbacks.evaluate(RunBeforeTestClassCallbacks.java:61) [spring-test-4.3.6.RELEASE.jar:4.3.6.RELEASE]
	at org.springframework.test.context.junit4.statements.RunAfterTestClassCallbacks.evaluate(RunAfterTestClassCallbacks.java:70) [spring-test-4.3.6.RELEASE.jar:4.3.6.RELEASE]
	at org.junit.runners.ParentRunner.run(ParentRunner.java:363) [junit-4.12.jar:4.12]
	at org.springframework.test.context.junit4.SpringJUnit4ClassRunner.run(SpringJUnit4ClassRunner.java:191) [spring-test-4.3.6.RELEASE.jar:4.3.6.RELEASE]
	at org.gradle.api.internal.tasks.testing.junit.JUnitTestClassExecuter.runTestClass(JUnitTestClassExecuter.java:114) [gradle-testing-jvm-3.1.jar:3.1]
	at org.gradle.api.internal.tasks.testing.junit.JUnitTestClassExecuter.execute(JUnitTestClassExecuter.java:57) [gradle-testing-jvm-3.1.jar:3.1]
	at org.gradle.api.internal.tasks.testing.junit.JUnitTestClassProcessor.processTestClass(JUnitTestClassProcessor.java:66) [gradle-testing-jvm-3.1.jar:3.1]
	at org.gradle.api.internal.tasks.testing.SuiteTestClassProcessor.processTestClass(SuiteTestClassProcessor.java:51) [gradle-testing-base-3.1.jar:3.1]
	at sun.reflect.NativeMethodAccessorImpl.invoke0(Native Method) ~[na:1.8.0_131]
	at sun.reflect.NativeMethodAccessorImpl.invoke(NativeMethodAccessorImpl.java:62) ~[na:1.8.0_131]
	at sun.reflect.DelegatingMethodAccessorImpl.invoke(DelegatingMethodAccessorImpl.java:43) ~[na:1.8.0_131]
	at java.lang.reflect.Method.invoke(Method.java:498) ~[na:1.8.0_131]
	at org.gradle.internal.dispatch.ReflectionDispatch.dispatch(ReflectionDispatch.java:35) [gradle-messaging-3.1.jar:3.1]
	at org.gradle.internal.dispatch.ReflectionDispatch.dispatch(ReflectionDispatch.java:24) [gradle-messaging-3.1.jar:3.1]
	at org.gradle.internal.dispatch.ContextClassLoaderDispatch.dispatch(ContextClassLoaderDispatch.java:32) [gradle-messaging-3.1.jar:3.1]
	at org.gradle.internal.dispatch.ProxyDispatchAdapter$DispatchingInvocationHandler.invoke(ProxyDispatchAdapter.java:93) [gradle-messaging-3.1.jar:3.1]
	at com.sun.proxy.$Proxy2.processTestClass(Unknown Source) [na:na]
	at org.gradle.api.internal.tasks.testing.worker.TestWorker.processTestClass(TestWorker.java:109) [gradle-testing-base-3.1.jar:3.1]
	at sun.reflect.NativeMethodAccessorImpl.invoke0(Native Method) ~[na:1.8.0_131]
	at sun.reflect.NativeMethodAccessorImpl.invoke(NativeMethodAccessorImpl.java:62) ~[na:1.8.0_131]
	at sun.reflect.DelegatingMethodAccessorImpl.invoke(DelegatingMethodAccessorImpl.java:43) ~[na:1.8.0_131]
	at java.lang.reflect.Method.invoke(Method.java:498) ~[na:1.8.0_131]
	at org.gradle.internal.dispatch.ReflectionDispatch.dispatch(ReflectionDispatch.java:35) [gradle-messaging-3.1.jar:3.1]
	at org.gradle.internal.dispatch.ReflectionDispatch.dispatch(ReflectionDispatch.java:24) [gradle-messaging-3.1.jar:3.1]
	at org.gradle.internal.remote.internal.hub.MessageHub$Handler.run(MessageHub.java:377) [gradle-messaging-3.1.jar:3.1]
	at org.gradle.internal.concurrent.ExecutorPolicy$CatchAndRecordFailures.onExecute(ExecutorPolicy.java:54) [gradle-base-services-3.1.jar:3.1]
	at org.gradle.internal.concurrent.StoppableExecutorImpl$1.run(StoppableExecutorImpl.java:40) [gradle-base-services-3.1.jar:3.1]
	at java.util.concurrent.ThreadPoolExecutor.runWorker(ThreadPoolExecutor.java:1142) [na:1.8.0_131]
	at java.util.concurrent.ThreadPoolExecutor$Worker.run(ThreadPoolExecutor.java:617) [na:1.8.0_131]
	at java.lang.Thread.run(Thread.java:748) [na:1.8.0_131]
Caused by: java.lang.IllegalStateException: Failed to execute ApplicationRunner
	at org.springframework.boot.SpringApplication.callRunner(SpringApplication.java:770) ~[spring-boot-1.5.1.RELEASE.jar:1.5.1.RELEASE]
	at org.springframework.boot.SpringApplication.callRunners(SpringApplication.java:757) ~[spring-boot-1.5.1.RELEASE.jar:1.5.1.RELEASE]
	at org.springframework.boot.SpringApplication.afterRefresh(SpringApplication.java:747) ~[spring-boot-1.5.1.RELEASE.jar:1.5.1.RELEASE]
	at org.springframework.boot.SpringApplication.run(SpringApplication.java:315) ~[spring-boot-1.5.1.RELEASE.jar:1.5.1.RELEASE]
	at org.springframework.boot.test.context.SpringBootContextLoader.loadContext(SpringBootContextLoader.java:120) ~[spring-boot-test-1.5.1.RELEASE.jar:1.5.1.RELEASE]
	at org.springframework.test.context.cache.DefaultCacheAwareContextLoaderDelegate.loadContextInternal(DefaultCacheAwareContextLoaderDelegate.java:98) ~[spring-test-4.3.6.RELEASE.jar:4.3.6.RELEASE]
	at org.springframework.test.context.cache.DefaultCacheAwareContextLoaderDelegate.loadContext(DefaultCacheAwareContextLoaderDelegate.java:116) ~[spring-test-4.3.6.RELEASE.jar:4.3.6.RELEASE]
	... 45 common frames omitted
Caused by: org.springframework.dao.DataIntegrityViolationException: could not execute statement; SQL [n/a]; nested exception is org.hibernate.exception.DataException: could not execute statement
	at org.springframework.orm.jpa.vendor.HibernateJpaDialect.convertHibernateAccessException(HibernateJpaDialect.java:282) ~[spring-orm-4.3.6.RELEASE.jar:4.3.6.RELEASE]
	at org.springframework.orm.jpa.vendor.HibernateJpaDialect.translateExceptionIfPossible(HibernateJpaDialect.java:244) ~[spring-orm-4.3.6.RELEASE.jar:4.3.6.RELEASE]
	at org.springframework.orm.jpa.AbstractEntityManagerFactoryBean.translateExceptionIfPossible(AbstractEntityManagerFactoryBean.java:491) ~[spring-orm-4.3.6.RELEASE.jar:4.3.6.RELEASE]
	at org.springframework.dao.support.ChainedPersistenceExceptionTranslator.translateExceptionIfPossible(ChainedPersistenceExceptionTranslator.java:59) ~[spring-tx-4.3.6.RELEASE.jar:4.3.6.RELEASE]
	at org.springframework.dao.support.DataAccessUtils.translateIfNecessary(DataAccessUtils.java:213) ~[spring-tx-4.3.6.RELEASE.jar:4.3.6.RELEASE]
	at org.springframework.dao.support.PersistenceExceptionTranslationInterceptor.invoke(PersistenceExceptionTranslationInterceptor.java:147) ~[spring-tx-4.3.6.RELEASE.jar:4.3.6.RELEASE]
	at org.springframework.aop.framework.ReflectiveMethodInvocation.proceed(ReflectiveMethodInvocation.java:179) ~[spring-aop-4.3.6.RELEASE.jar:4.3.6.RELEASE]
	at org.springframework.data.jpa.repository.support.CrudMethodMetadataPostProcessor$CrudMethodMetadataPopulatingMethodInterceptor.invoke(CrudMethodMetadataPostProcessor.java:133) ~[spring-data-jpa-1.11.0.RELEASE.jar:na]
	at org.springframework.aop.framework.ReflectiveMethodInvocation.proceed(ReflectiveMethodInvocation.java:179) ~[spring-aop-4.3.6.RELEASE.jar:4.3.6.RELEASE]
	at org.springframework.aop.interceptor.ExposeInvocationInterceptor.invoke(ExposeInvocationInterceptor.java:92) ~[spring-aop-4.3.6.RELEASE.jar:4.3.6.RELEASE]
	at org.springframework.aop.framework.ReflectiveMethodInvocation.proceed(ReflectiveMethodInvocation.java:179) ~[spring-aop-4.3.6.RELEASE.jar:4.3.6.RELEASE]
	at org.springframework.data.repository.core.support.SurroundingTransactionDetectorMethodInterceptor.invoke(SurroundingTransactionDetectorMethodInterceptor.java:57) ~[spring-data-commons-1.13.0.RELEASE.jar:na]
	at org.springframework.aop.framework.ReflectiveMethodInvocation.proceed(ReflectiveMethodInvocation.java:179) ~[spring-aop-4.3.6.RELEASE.jar:4.3.6.RELEASE]
	at org.springframework.aop.framework.JdkDynamicAopProxy.invoke(JdkDynamicAopProxy.java:213) ~[spring-aop-4.3.6.RELEASE.jar:4.3.6.RELEASE]
	at com.sun.proxy.$Proxy122.save(Unknown Source) ~[na:na]
	at com.avalanche.tmcs.DataLoader.performAdditionOfTestData(DataLoader.java:281) ~[main/:na]
	at com.avalanche.tmcs.DataLoader.run(DataLoader.java:86) ~[main/:na]
	at org.springframework.boot.SpringApplication.callRunner(SpringApplication.java:767) ~[spring-boot-1.5.1.RELEASE.jar:1.5.1.RELEASE]
	... 51 common frames omitted
Caused by: org.hibernate.exception.DataException: could not execute statement
	at org.hibernate.exception.internal.SQLExceptionTypeDelegate.convert(SQLExceptionTypeDelegate.java:52) ~[hibernate-core-5.0.11.Final.jar:5.0.11.Final]
	at org.hibernate.exception.internal.StandardSQLExceptionConverter.convert(StandardSQLExceptionConverter.java:42) ~[hibernate-core-5.0.11.Final.jar:5.0.11.Final]
	at org.hibernate.engine.jdbc.spi.SqlExceptionHelper.convert(SqlExceptionHelper.java:109) ~[hibernate-core-5.0.11.Final.jar:5.0.11.Final]
	at org.hibernate.engine.jdbc.spi.SqlExceptionHelper.convert(SqlExceptionHelper.java:95) ~[hibernate-core-5.0.11.Final.jar:5.0.11.Final]
	at org.hibernate.engine.jdbc.internal.ResultSetReturnImpl.executeUpdate(ResultSetReturnImpl.java:207) ~[hibernate-core-5.0.11.Final.jar:5.0.11.Final]
	at org.hibernate.dialect.identity.GetGeneratedKeysDelegate.executeAndExtract(GetGeneratedKeysDelegate.java:57) ~[hibernate-core-5.0.11.Final.jar:5.0.11.Final]
	at org.hibernate.id.insert.AbstractReturningDelegate.performInsert(AbstractReturningDelegate.java:42) ~[hibernate-core-5.0.11.Final.jar:5.0.11.Final]
	at org.hibernate.persister.entity.AbstractEntityPersister.insert(AbstractEntityPersister.java:2803) ~[hibernate-core-5.0.11.Final.jar:5.0.11.Final]
	at org.hibernate.persister.entity.AbstractEntityPersister.insert(AbstractEntityPersister.java:3374) ~[hibernate-core-5.0.11.Final.jar:5.0.11.Final]
	at org.hibernate.action.internal.EntityIdentityInsertAction.execute(EntityIdentityInsertAction.java:81) ~[hibernate-core-5.0.11.Final.jar:5.0.11.Final]
	at org.hibernate.engine.spi.ActionQueue.execute(ActionQueue.java:619) ~[hibernate-core-5.0.11.Final.jar:5.0.11.Final]
	at org.hibernate.engine.spi.ActionQueue.addResolvedEntityInsertAction(ActionQueue.java:273) ~[hibernate-core-5.0.11.Final.jar:5.0.11.Final]
	at org.hibernate.engine.spi.ActionQueue.addInsertAction(ActionQueue.java:254) ~[hibernate-core-5.0.11.Final.jar:5.0.11.Final]
	at org.hibernate.engine.spi.ActionQueue.addAction(ActionQueue.java:299) ~[hibernate-core-5.0.11.Final.jar:5.0.11.Final]
	at org.hibernate.event.internal.AbstractSaveEventListener.addInsertAction(AbstractSaveEventListener.java:317) ~[hibernate-core-5.0.11.Final.jar:5.0.11.Final]
	at org.hibernate.event.internal.AbstractSaveEventListener.performSaveOrReplicate(AbstractSaveEventListener.java:272) ~[hibernate-core-5.0.11.Final.jar:5.0.11.Final]
	at org.hibernate.event.internal.AbstractSaveEventListener.performSave(AbstractSaveEventListener.java:178) ~[hibernate-core-5.0.11.Final.jar:5.0.11.Final]
	at org.hibernate.event.internal.AbstractSaveEventListener.saveWithGeneratedId(AbstractSaveEventListener.java:109) ~[hibernate-core-5.0.11.Final.jar:5.0.11.Final]
	at org.hibernate.jpa.event.internal.core.JpaPersistEventListener.saveWithGeneratedId(JpaPersistEventListener.java:67) ~[hibernate-entitymanager-5.0.11.Final.jar:5.0.11.Final]
	at org.hibernate.event.internal.DefaultPersistEventListener.entityIsTransient(DefaultPersistEventListener.java:189) ~[hibernate-core-5.0.11.Final.jar:5.0.11.Final]
	at org.hibernate.event.internal.DefaultPersistEventListener.onPersist(DefaultPersistEventListener.java:132) ~[hibernate-core-5.0.11.Final.jar:5.0.11.Final]
	at org.hibernate.event.internal.DefaultPersistEventListener.onPersist(DefaultPersistEventListener.java:58) ~[hibernate-core-5.0.11.Final.jar:5.0.11.Final]
	at org.hibernate.internal.SessionImpl.firePersist(SessionImpl.java:775) ~[hibernate-core-5.0.11.Final.jar:5.0.11.Final]
	at org.hibernate.internal.SessionImpl.persist(SessionImpl.java:748) ~[hibernate-core-5.0.11.Final.jar:5.0.11.Final]
	at org.hibernate.internal.SessionImpl.persist(SessionImpl.java:753) ~[hibernate-core-5.0.11.Final.jar:5.0.11.Final]
	at org.hibernate.jpa.spi.AbstractEntityManagerImpl.persist(AbstractEntityManagerImpl.java:1146) ~[hibernate-entitymanager-5.0.11.Final.jar:5.0.11.Final]
	at sun.reflect.GeneratedMethodAccessor81.invoke(Unknown Source) ~[na:na]
	at sun.reflect.DelegatingMethodAccessorImpl.invoke(DelegatingMethodAccessorImpl.java:43) ~[na:1.8.0_131]
	at java.lang.reflect.Method.invoke(Method.java:498) ~[na:1.8.0_131]
	at org.springframework.orm.jpa.SharedEntityManagerCreator$SharedEntityManagerInvocationHandler.invoke(SharedEntityManagerCreator.java:298) ~[spring-orm-4.3.6.RELEASE.jar:4.3.6.RELEASE]
	at com.sun.proxy.$Proxy116.persist(Unknown Source) ~[na:na]
	at org.springframework.data.jpa.repository.support.SimpleJpaRepository.save(SimpleJpaRepository.java:508) ~[spring-data-jpa-1.11.0.RELEASE.jar:na]
	at sun.reflect.NativeMethodAccessorImpl.invoke0(Native Method) ~[na:1.8.0_131]
	at sun.reflect.NativeMethodAccessorImpl.invoke(NativeMethodAccessorImpl.java:62) ~[na:1.8.0_131]
	at sun.reflect.DelegatingMethodAccessorImpl.invoke(DelegatingMethodAccessorImpl.java:43) ~[na:1.8.0_131]
	at java.lang.reflect.Method.invoke(Method.java:498) ~[na:1.8.0_131]
	at org.springframework.data.repository.core.support.RepositoryFactorySupport$QueryExecutorMethodInterceptor.executeMethodOn(RepositoryFactorySupport.java:504) ~[spring-data-commons-1.13.0.RELEASE.jar:na]
	at org.springframework.data.repository.core.support.RepositoryFactorySupport$QueryExecutorMethodInterceptor.doInvoke(RepositoryFactorySupport.java:489) ~[spring-data-commons-1.13.0.RELEASE.jar:na]
	at org.springframework.data.repository.core.support.RepositoryFactorySupport$QueryExecutorMethodInterceptor.invoke(RepositoryFactorySupport.java:461) ~[spring-data-commons-1.13.0.RELEASE.jar:na]
	at org.springframework.aop.framework.ReflectiveMethodInvocation.proceed(ReflectiveMethodInvocation.java:179) ~[spring-aop-4.3.6.RELEASE.jar:4.3.6.RELEASE]
	at org.springframework.data.projection.DefaultMethodInvokingMethodInterceptor.invoke(DefaultMethodInvokingMethodInterceptor.java:61) ~[spring-data-commons-1.13.0.RELEASE.jar:na]
	at org.springframework.aop.framework.ReflectiveMethodInvocation.proceed(ReflectiveMethodInvocation.java:179) ~[spring-aop-4.3.6.RELEASE.jar:4.3.6.RELEASE]
	at org.springframework.transaction.interceptor.TransactionInterceptor$1.proceedWithInvocation(TransactionInterceptor.java:99) ~[spring-tx-4.3.6.RELEASE.jar:4.3.6.RELEASE]
	at org.springframework.transaction.interceptor.TransactionAspectSupport.invokeWithinTransaction(TransactionAspectSupport.java:282) ~[spring-tx-4.3.6.RELEASE.jar:4.3.6.RELEASE]
	at org.springframework.transaction.interceptor.TransactionInterceptor.invoke(TransactionInterceptor.java:96) ~[spring-tx-4.3.6.RELEASE.jar:4.3.6.RELEASE]
	at org.springframework.aop.framework.ReflectiveMethodInvocation.proceed(ReflectiveMethodInvocation.java:179) ~[spring-aop-4.3.6.RELEASE.jar:4.3.6.RELEASE]
	at org.springframework.dao.support.PersistenceExceptionTranslationInterceptor.invoke(PersistenceExceptionTranslationInterceptor.java:136) ~[spring-tx-4.3.6.RELEASE.jar:4.3.6.RELEASE]
	... 63 common frames omitted
Caused by: java.sql.SQLDataException: (conn:10) Data too long for column 'company_description' at row 1
Query is: insert into company (approval_status, company_description, company_name, email_suffix, location, presentation, size, user_id, websiteurl) values (?, ?, ?, ?, ?, ?, ?, ?, ?), parameters [1,<Buffer:'Innovating. Empowering. Delighting.

Intuit believes in the power of the individual. The power to do more. To make more. To be more.


We believe in the people who do things – the hat jugglers, the to-do list junkies, the masters of getting it done faster, better and more efficiently than ever before. Whether that\'s balancing the household budget, running a business or paying taxes.

 

We believe in these people because we are these people. We thrive on action – and results. And by making things simpler, we all get more out of doing what we love. We\'re innovators, and have been at it for more than three decades. And we don\'t stand still.

 

As the world evolves, so do we – inventing new solutions to solve important problems, perfecting those solutions and delighting our customers. In short: We’re on a missio...
	at org.mariadb.jdbc.internal.util.ExceptionMapper.get(ExceptionMapper.java:129) ~[mariadb-java-client-1.5.7.jar:na]
	at org.mariadb.jdbc.internal.util.ExceptionMapper.getException(ExceptionMapper.java:101) ~[mariadb-java-client-1.5.7.jar:na]
	at org.mariadb.jdbc.internal.util.ExceptionMapper.throwAndLogException(ExceptionMapper.java:77) ~[mariadb-java-client-1.5.7.jar:na]
	at org.mariadb.jdbc.MariaDbStatement.executeQueryEpilog(MariaDbStatement.java:224) ~[mariadb-java-client-1.5.7.jar:na]
	at org.mariadb.jdbc.MariaDbServerPreparedStatement.executeInternal(MariaDbServerPreparedStatement.java:411) ~[mariadb-java-client-1.5.7.jar:na]
	at org.mariadb.jdbc.MariaDbServerPreparedStatement.execute(MariaDbServerPreparedStatement.java:361) ~[mariadb-java-client-1.5.7.jar:na]
	at org.mariadb.jdbc.MariaDbServerPreparedStatement.executeUpdate(MariaDbServerPreparedStatement.java:350) ~[mariadb-java-client-1.5.7.jar:na]
	at org.hibernate.engine.jdbc.internal.ResultSetReturnImpl.executeUpdate(ResultSetReturnImpl.java:204) ~[hibernate-core-5.0.11.Final.jar:5.0.11.Final]
	... 105 common frames omitted
Caused by: org.mariadb.jdbc.internal.util.dao.QueryException: Data too long for column 'company_description' at row 1
Query is: insert into company (approval_status, company_description, company_name, email_suffix, location, presentation, size, user_id, websiteurl) values (?, ?, ?, ?, ?, ?, ?, ?, ?), parameters [1,<Buffer:'Innovating. Empowering. Delighting.

Intuit believes in the power of the individual. The power to do more. To make more. To be more.


We believe in the people who do things – the hat jugglers, the to-do list junkies, the masters of getting it done faster, better and more efficiently than ever before. Whether that\'s balancing the household budget, running a business or paying taxes.

 

We believe in these people because we are these people. We thrive on action – and results. And by making things simpler, we all get more out of doing what we love. We\'re innovators, and have been at it for more than three decades. And we don\'t stand still.

 

As the world evolves, so do we – inventing new solutions to solve important problems, perfecting those solutions and delighting our customers. In short: We’re on a missio...
	at org.mariadb.jdbc.internal.protocol.AbstractQueryProtocol.readErrorPacket(AbstractQueryProtocol.java:1098) ~[mariadb-java-client-1.5.7.jar:na]
	at org.mariadb.jdbc.internal.protocol.AbstractQueryProtocol.readPacket(AbstractQueryProtocol.java:1030) ~[mariadb-java-client-1.5.7.jar:na]
	at org.mariadb.jdbc.internal.protocol.AbstractQueryProtocol.getResult(AbstractQueryProtocol.java:985) ~[mariadb-java-client-1.5.7.jar:na]
	at org.mariadb.jdbc.internal.protocol.AbstractQueryProtocol.executePreparedQuery(AbstractQueryProtocol.java:571) ~[mariadb-java-client-1.5.7.jar:na]
	at org.mariadb.jdbc.MariaDbServerPreparedStatement.executeInternal(MariaDbServerPreparedStatement.java:399) ~[mariadb-java-client-1.5.7.jar:na]
	... 108 common frames omitted

]]></system-out>
  <system-err><![CDATA[]]></system-err>
</testsuite>
